<?xml version="1.0" encoding="UTF-8"?>
<testsuites>
    <baseline-summary>
        <baseline-name>GeneratedSummary</baseline-name>
        <baseline-description>stuff</baseline-description>
        <when>Mon Jul 12 16:47:27 BST 2004</when>
        <where>JDT-Astrogrid/80.44.98.180</where>
        <who>jdt</who>
        <project-name>auto-integration</project-name>
        <project-version>SNAPSHOT</project-version>
        <total-tests>1</total-tests>
        <total-errors>0</total-errors>
    </baseline-summary>
    <testsuite name="NothingTest" package="" tests="1" failures="0">
        <testcase name="testPass" failure="0"></testcase>
    </testsuite>
</testsuites>