<?xml version="1.0" encoding="UTF-8" ?>
<testsuite errors="0" failures="0" name="org.astrogrid.adql.AdqlStoXTest" tests="135" time="33.179">
  <properties>
[...]
</properties>
  <testcase name="testOf_v10_6dfExplicitThreeWayJoin" time="0.604"></testcase>
  <testcase name="testOf_v10_6dfExplicitThreeWayJoinWithBrackets" time="0.016"></testcase>
  <testcase name="testOf_v10_BADdelimitedIdentifier" time="0.0060"></testcase>
  <testcase name="testOf_v10_BADduplicatedAliases" time="0.145"></testcase>
  <testcase name="testOf_v10_BADemptyFrom" time="0.0090"></testcase>
  <testcase name="testOf_v10_BADemptyWhere" time="0.0080"></testcase>
  <testcase name="testOf_v10_BADextremelyComplexQuery" time="0.024"></testcase>
  <testcase name="testOf_v10_BADinnerJoinWithJoinCondition" time="0.0040"></testcase>
  <testcase name="testOf_v10_BADNestedBracketWithinConeSearch01" time="0.163"></testcase>
  <testcase name="testOf_v10_BADregularIdentifier" time="0.0020"></testcase>
  <testcase name="testOf_v10_BADreservedWordAsTableName" time="0.0070"></testcase>
  <testcase name="testOf_v10_BADselectEmptyAlias" time="0.0040"></testcase>
  <testcase name="testOf_v10_BADMAselectList" time="0.0080"></testcase>
  <testcase name="testOf_v10_BADselectOrderByDirOnly" time="0.0010"></testcase>
  <testcase name="testOf_v10_BADthreeWayJoinAcrossArchives" time="0.074"></testcase>
  <testcase name="testOf_v10_BADtop" time="0.0050"></testcase>
  <testcase name="testOf_v10_ceilingFunction" time="0.23"></testcase>
  <testcase name="testOf_v10_comments01" time="0.041"></testcase>
  <testcase name="testOf_v10_comments02" time="0.117"></testcase>
  <testcase name="testOf_v10_comments03" time="0.118"></testcase>
  <testcase name="testOf_v10_commentsMultipleLines04" time="0.081"></testcase>
  <testcase name="testOf_v10_complexSelect01" time="0.075"></testcase>
  <testcase name="testOf_v10_coneSearch01" time="0.194"></testcase>
  <testcase name="testOf_v10_coneSearch02" time="0.181"></testcase>
  <testcase name="testOf_v10_decAsNonReservedWord" time="0.119"></testcase>
  <testcase name="testOf_v10_delimitedIdentifier" time="0.026"></testcase>
  <testcase name="testOf_v10_groupByOneColumn" time="0.036"></testcase>
  <testcase name="testOf_v10_innerJoinWithJoinCondition" time="0.095"></testcase>
  <testcase name="testOf_v10_inPredicateWithConstantStringList" time="0.051"></testcase>
  <testcase name="testOf_v10_inPredicateWithSubQuery" time="0.055"></testcase>
  <testcase name="testOf_v10_leftOuterJoinWithJoinCondition" time="0.096"></testcase>
  <testcase name="testOf_v10_likeWithoutBracket" time="0.032"></testcase>
  <testcase name="testOf_v10_likeWithBracket" time="0.029"></testcase>
  <testcase name="testOf_v10_MAInnerJoinWithJoinCondition" time="0.082"></testcase>
  <testcase name="testOf_v10_MALeftOuterJoinWithJoinCondition" time="0.043"></testcase>
  <testcase name="testOf_v10_MAThreeWayJoin" time="0.06"></testcase>
  <testcase name="testOf_v10_MAThreeWayJoinNonAliased" time="0.1"></testcase>
  <testcase name="testOf_v10_naiveConeSearch" time="0.101"></testcase>
  <testcase name="testOf_v10_notLikeWithBracket" time="0.092"></testcase>
  <testcase name="testOf_v10_notLikeWithoutBracket" time="0.033"></testcase>
  <testcase name="testOf_v10_notInPredicateWithConstantStringList" time="0.04"></testcase>
  <testcase name="testOf_v10_notInPredicateWithSubQuery" time="0.032"></testcase>
  <testcase name="testOf_v10_regularIdentifier" time="0.073"></testcase>
  <testcase name="testOf_v10_SDSSBasicSelectFromWhere" time="0.046"></testcase>
  <testcase name="testOf_v10_SDSSGalaxiesWithTwoCriteria" time="0.032"></testcase>
  <testcase name="testOf_v10_SDSSGalaxiesWithMultipleCriteria" time="0.101"></testcase>
  <testcase name="testOf_v10_SDSSSpatialUnitVectors" time="0.061"></testcase>
  <testcase name="testOf_v10_SDSSCataclysmicVariablesUsingColors" time="0.219"></testcase>
  <testcase name="testOf_v10_SDSSDataSubSampleWILLFAIL" time="0.0070"></testcase>
  <testcase name="testOf_v10_SDSSLowzQSOsUsingColors" time="0.098"></testcase>
  <testcase name="testOf_v10_SDSSObjectVelocitiesAndErrors" time="0.143"></testcase>
  <testcase name="testOf_v10_SDSSUsingBetween" time="0.047"></testcase>
  <testcase name="testOf_v10_SDSSMovingAsteroids" time="0.046"></testcase>
  <testcase name="testOf_v10_SDSSQuasarsInImaging" time="0.16"></testcase>
  <testcase name="testOf_v10_SDSSSelectedNeighborsInRunWILLFAIL" time="0.016"></testcase>
  <testcase name="testOf_v10_SDSSObjectCountingAndLogicWILLFAIL" time="0.049"></testcase>
  <testcase name="testOf_v10_SDSSGalaxiesBlendedWithStars" time="0.043"></testcase>
  <testcase name="testOf_v10_SDSSStarsInSpecificFields" time="0.033"></testcase>
  <testcase name="testOf_v10_SDSSUsingThreeTablesWILLFAIL" time="0.035"></testcase>
  <testcase name="testOf_v10_SDSSObjectsClosePairs" time="0.146"></testcase>
  <testcase name="testOf_v10_SDSSErrorsUsingFlagsWILLFAIL" time="0.019"></testcase>
  <testcase name="testOf_v10_SDSSEllipticalGalaxiesBasedOnModelFitsWILLFAIL" time="0.013"></testcase>
  <testcase name="testOf_v10_selectAggregateFuncs" time="0.025"></testcase>
  <testcase name="testOf_v10_selectAliasExpr" time="0.031"></testcase>
  <testcase name="testOf_v10_selectAllAllow" time="0.079"></testcase>
  <testcase name="testOf_v10_selectAllLimit" time="0.018"></testcase>
  <testcase name="testOf_v10_selectBetweenOps" time="0.038"></testcase>
  <testcase name="testOf_v10_selectBinaries" time="0.042"></testcase>
  <testcase name="testOf_v10_selectBoolOps" time="0.094"></testcase>
  <testcase name="testOf_v10_selectComparisonOps" time="0.034"></testcase>
  <testcase name="testOf_v10_selectDistinct" time="0.019"></testcase>
  <testcase name="testOf_v10_selectExpr1" time="0.024"></testcase>
  <testcase name="testOf_v10_selectExpr2" time="0.08"></testcase>
  <testcase name="testOf_v10_selectExprMixed1" time="0.027"></testcase>
  <testcase name="testOf_v10_selectExprMultiAlias" time="0.028"></testcase>
  <testcase name="testOf_v10_selectExprSum" time="0.08"></testcase>
  <testcase name="testOf_v10_selectExprUnary" time="0.019"></testcase>
  <testcase name="testOf_v10_selectFromNoAlias" time="0.022"></testcase>
  <testcase name="testOf_v10_selectGroupBy" time="0.025"></testcase>
  <testcase name="testOf_v10_selectLogPowMathsFuncs" time="0.04"></testcase>
  <testcase name="testOf_v10_selectMultiTabMultiAlias1" time="0.08"></testcase>
  <testcase name="testOf_v10_selectOneTableTwoCols" time="0.02"></testcase>
  <testcase name="testOf_v10_selectOrderByCol" time="0.021"></testcase>
  <testcase name="testOf_v10_selectOrderByComplex" time="0.04"></testcase>
  <testcase name="testOf_v10_selectSome" time="0.093"></testcase>
  <testcase name="testOf_v10_selectTrigFuncsDeg" time="0.046"></testcase>
  <testcase name="testOf_v10_selectTrigFuncsRad" time="0.034"></testcase>
  <testcase name="testOf_v10_selectTwoTablesFourCols" time="0.082"></testcase>
  <testcase name="testOf_v10_selectTwoTablesFourColsNoAlias" time="0.022"></testcase>
  <testcase name="testOf_v10_selectUnaries" time="0.023"></testcase>
  <testcase name="testOf_v10_selectValueTweakMathsFuncs" time="0.028"></testcase>
  <testcase name="testOf_v10_spectralLines" time="0.089"></testcase>
  <testcase name="testOf_v10_squaringTheCircle" time="0.045"></testcase>
  <testcase name="testOf_v10_threeWayJoin" time="0.038"></testcase>
  <testcase name="testOf_v10_whereWithBinaryOpsAndUnaryOps" time="0.024"></testcase>
  <testcase name="testOf_v10_whereWithNegativeUnaryLiteral" time="0.081"></testcase>
  <testcase name="testOf_v10_whereWithPositiveUnaryLiteral" time="0.025"></testcase>
  <testcase name="testOf_v10_whereWithUnsignedNumericLiteral" time="0.021"></testcase>
  <testcase name="testOf_v10_FragmentBADContextName" time="0.0020"></testcase>
  <testcase name="testOf_v10_FragmentColumn" time="0.082"></testcase>
  <testcase name="testOf_v10_FragmentCountArgument" time="0.019"></testcase>
  <testcase name="testOf_v10_FragmentCountArgument02" time="0.016"></testcase>
  <testcase name="testOf_v10_FragmentConeSearchWhere" time="0.057"></testcase>
  <testcase name="testOf_v10_FragmentFrom01" time="0.016"></testcase>
  <testcase name="testOf_v10_FragmentFromNoAlias" time="0.075"></testcase>
  <testcase name="testOf_v10_FragmentFromTableTypeTableType" time="0.021"></testcase>
  <testcase name="testOf_v10_FragmentGroupBy" time="0.023"></testcase>
  <testcase name="testOf_v10_FragmentHaving" time="0.022"></testcase>
  <testcase name="testOf_v10_FragmentItemArgument" time="0.017"></testcase>
  <testcase name="testOf_v10_FragmentLikePattern" time="0.076"></testcase>
  <testcase name="testOf_v10_FragmentMATablesArrayOfFromTableType" time="0.021"></testcase>
  <testcase name="testOf_v10_FragmentNaiveConeSearch" time="0.047"></testcase>
  <testcase name="testOf_v10_FragmentOrderBy" time="0.024"></testcase>
  <testcase name="testOf_v10_FragmentOrderByItem" time="0.076"></testcase>
  <testcase name="testOf_v10_FragmentOrderByItemExpression" time="0.017"></testcase>
  <testcase name="testOf_v10_FragmentOrderByItemOrder" time="0.018"></testcase>
  <testcase name="testOf_v10_FragmentOrderByItemOrder02" time="0.021"></testcase>
  <testcase name="testOf_v10_FragmentSelectAllAllow" time="0.08"></testcase>
  <testcase name="testOf_v10_FragmentSelectFromTable" time="0.017"></testcase>
  <testcase name="testOf_v10_FragmentSelectWhereConditionNotInExpression" time="0.018"></testcase>
  <testcase name="testOf_v10_FragmentSelectWhereConditionInExpression" time="0.024"></testcase>
  <testcase name="testOf_v10_FragmentSelectionList01" time="0.026"></testcase>
  <testcase name="testOf_v10_FragmentSelectionListAllItems" time="0.016"></testcase>
  <testcase name="testOf_v10_FragmentSelectionListCeilingFunction" time="0.076"></testcase>
  <testcase name="testOf_v10_FragmentSelectionListItemExpression" time="0.017"></testcase>
  <testcase name="testOf_v10_FragmentSetItem" time="0.017"></testcase>
  <testcase name="testOf_v10_FragmentSubsetSpectralLines" time="0.036"></testcase>
  <testcase name="testOf_v10_FragmentTableCondition" time="0.018"></testcase>
  <testcase name="testOf_v10_FragmentTablesArrayOfFromTableType" time="0.078"></testcase>
  <testcase name="testOf_v10_FragmentTableTableType" time="0.017"></testcase>
  <testcase name="testOf_v10_FragmentTop" time="0.025"></testcase>
  <testcase name="testOf_v10_FragmentWhereCondition" time="0.022"></testcase>
  <testcase name="testOf_v10_FragmentWithHeadAndTrailComments" time="0.022"></testcase>
  <testcase name="testMemoryUsageWithReinit" time="11.925"></testcase>
  <testcase name="testMemoryUsageWithoutReinit" time="13.587"></testcase>
  <system-out><![CDATA[
AdqlStoXTest. WARNING. Number of test methods does not match available test files.
   Methods count: 133
   File count: 139
   You may encounter failures within a test or complete absence of some tests.
   Please inspect AdqlStoXTest for test methods and your test files.

------------------------------------------------
Compiling 6dfExplicitThreeWayJoin.adqls
------------------------------------------------
== From: ===>
-- JBL Note: We are not currently supporting n-way explicit joins where n > 2

-- Joining 3 tables using the targetid parameter. 
-- In this example the TARGET, SPECTRA and TWOMASS tables are joined with parameters extracted from each table.
SELECT target.TARGETNAME, target.BMAG, target.RMAG, 
target.BMAG-target.RMAG AS colour, spectra.Z, twomass.K
FROM target INNER JOIN
spectra ON target.TARGETID = spectra.TARGETID INNER JOIN
twomass ON target.TARGETID = twomass.TARGETID
WHERE (target.BMAG - target.RMAG > 1.2) 
AND (spectra.QUALITY >= 3) AND (twomass.K > 12) ;
------------------------------------------------
Compiling 6dfExplicitThreeWayJoinWithBrackets.adqls
------------------------------------------------
== From: ===>
-- JBL Note: We are not currently supporting n-way explicit joins where n > 2
-- This example tries a 3-way join using brackets.

-- Joining 3 tables using the targetid parameter. 
-- In this example the TARGET, SPECTRA and TWOMASS tables are joined with parameters extracted from each table.
SELECT target.TARGETNAME, target.BMAG, target.RMAG,  
target.BMAG-target.RMAG AS colour, spectra.Z, twomass.K 
FROM target INNER JOIN ( spectra  INNER JOIN 
twomass ON target.TARGETID = twomass.TARGETID ) 
ON target.TARGETID = spectra.TARGETID 
WHERE (target.BMAG - target.RMAG > 1.2)  
AND (spectra.QUALITY >= 3) AND (twomass.K > 12) ;
------------------------------------------------
Compiling BADdelimitedIdentifier.adqls
------------------------------------------------
== From: ===>
select top 100  * from "!Catalogue_$£%^>>>"<<<&*(_   _ @#~?+-" as a ;
------------------------------------------------
Compiling BADduplicatedAliases.adqls
------------------------------------------------
== From: ===>
select 
	min(a.ra) as minra, 
	max(a.ra) as maxra, 
	min(a."dec") as minra, 
	max(a."dec") as maxra  
from cata as a
where a.signal >= 23 ;
------------------------------------------------
Compiling BADemptyFrom.adqls
------------------------------------------------
== From: ===>
select top 100 from ;

------------------------------------------------
Compiling BADemptyWhere.adqls
------------------------------------------------
== From: ===>
select top 100  * where ;
------------------------------------------------
Compiling BADextremelyComplexQuery.adqls
------------------------------------------------
== From: ===>
select
   df.tablespace_name                          "Tablespace",
   block_size                                  "Block Size",
   (df.totalspace - fs.freespace)              "Used MB",
   fs.freespace                               "Free MB",
   df.totalspace                               "Total MB",
   round(100 * (fs.freespace / df.totalspace)) "Pct. Free"
from
   dba_tablespaces                               ts,
   (select tablespace_name,
        round(sum(bytes) / 1048576) TotalSpace
      from dba_data_files
      group by tablespace_name)                  df,
   (select tablespace_name,
        round(sum(bytes) / 1048576) FreeSpace
      from dba_free_space
      group by tablespace_name)                 fs
where
   ts.tablespace_name = fs.tablespace_name
and
   df.tablespace_name = fs.tablespace_name(+) ;
------------------------------------------------
Compiling BADinnerJoinWithJoinCondition.adqls
------------------------------------------------
== From: ===>
select * from foo inner join bar on foo.y >= bar.x inner join flub on foo.y <= flub.z ;
------------------------------------------------
Compiling BADNestedBracketWithinConeSearch01.adqls
------------------------------------------------
== From: ===>
-- Last bracket removed from (a.POS_EQ_RA<100)
Select * From catalogue as a Where 
(a.POS_EQ_RA<100 
And  
( 
  ( a.POS_EQ_RA>100 )  
  And  
  ( 
    ACOS((
           ( SIN( a.POS_EQ_DEC ) * SIN( 100 ) ) 
           + 
           ( 
             COS(a.POS_EQ_DEC)  
             *  
             ( COS(100)  * COS( (a.POS_EQ_RA - 100) ) )  
           )
        )) <= 100
  ) 
)
------------------------------------------------
Compiling BADregularIdentifier.adqls
------------------------------------------------
== From: ===>
select top 100  * from Catalogue_$£One as a ;
------------------------------------------------
Compiling BADreservedWordAsTableName.adqls
------------------------------------------------
== From: ===>
select * from Ceiling as a ;
------------------------------------------------
Compiling BADselectEmptyAlias.adqls
------------------------------------------------
== From: ===>
select top 100  * from catalogue as ;
------------------------------------------------
Compiling BADMAselectList.adqls
------------------------------------------------
== From: ===>
select * from cata as a,, catb b, dbc.tabc as c ;
------------------------------------------------
Compiling BADselectOrderByDirOnly.adqls
------------------------------------------------
== From: ===>
select * from catalogue as a order by ASC ;
------------------------------------------------
Compiling BADthreeWayJoinAcrossArchives.adqls
------------------------------------------------
== From: ===>
SELECT las.sourceID, las.ra, las.dec, fsc.seqNo, fsc.ra, fsc.dec
FROM lasSource AS las, ROSAT..rosat_fsc AS fsc, lasSourceXrosat_fsc AS x
WHERE x.masterObjID=las.sourceID AND x.slaveObjID=fsc.seqNo AND 
x.distanceMins<0.1
------------------------------------------------
Compiling BADtop.adqls
------------------------------------------------
== From: ===>
select top 1,000,000  * from "!Catalogue_$£%^>>><<<&*(_   _ @#~?+-" as a ;
------------------------------------------------
Compiling ceilingFunction.adqls
------------------------------------------------
== From: ===>
select top 100 ceiling(a.col_1) from Catalogue as a ;

Compilation suceeded...
==== To: ===>
<v1:Select xmlns:v1="http://www.ivoa.net/xml/ADQL/v1.0">
    <v1:Restrict Top="100"/>
    <v1:SelectionList>
        <v1:Item xsi:type="v1:mathFunctionType" Name="CEILING" xmlns:xsi="http://www.w3.org/2001/XMLSchema-instance">
            <v1:Arg xsi:type="v1:columnReferenceType" Table="a" Name="col_1"/>
        </v1:Item>
    </v1:SelectionList>
    <v1:From>
        <v1:Table xsi:type="v1:tableType" Name="Catalogue" Alias="a" xmlns:xsi="http://www.w3.org/2001/XMLSchema-instance"/>
    </v1:From>
</v1:Select>
------------------------------------------------
Compiling comments01.adqls
------------------------------------------------
== From: ===>
-- Here is a comment before the Select statment
select 
-- Comment before the select all item
* from catalogue as a 
;

Compilation suceeded...
==== To: ===>
<!--+ Here is a comment before the Select statment
+-->
<v1:Select xmlns:v1="http://www.ivoa.net/xml/ADQL/v1.0">
    <v1:SelectionList>
        <!--+ 
 Comment before the select all item
+-->
        <v1:Item xsi:type="v1:allSelectionItemType" xmlns:xsi="http://www.w3.org/2001/XMLSchema-instance"/>
    </v1:SelectionList>
    <v1:From>
        <v1:Table xsi:type="v1:tableType" Name="catalogue" Alias="a" xmlns:xsi="http://www.w3.org/2001/XMLSchema-instance"/>
    </v1:From>
</v1:Select>
------------------------------------------------
Compiling comments02.adqls
------------------------------------------------
== From: ===>
select 
-- Here is a comment before the allow (all/distinct)...
distinct
-- Here is a comment before the top...
top 10000 * from catalogue as a 
;

Compilation suceeded...
==== To: ===>
<v1:Select xmlns:v1="http://www.ivoa.net/xml/ADQL/v1.0">
    <!--+ 
 Here is a comment before the allow (all/distinct)...
+-->
    <v1:Allow Option="DISTINCT"/>
    <!--+
 Here is a comment before the top...
+-->
    <v1:Restrict Top="10000"/>
    <v1:SelectionList>
        <v1:Item xsi:type="v1:allSelectionItemType" xmlns:xsi="http://www.w3.org/2001/XMLSchema-instance"/>
    </v1:SelectionList>
    <v1:From>
        <v1:Table xsi:type="v1:tableType" Name="catalogue" Alias="a" xmlns:xsi="http://www.w3.org/2001/XMLSchema-instance"/>
    </v1:From>
</v1:Select>
------------------------------------------------
Compiling comments03.adqls
------------------------------------------------
== From: ===>
select 
-- Comment about user_id
u.user_id, 
-- Comment about email
u.email, 
-- Comment about count(*)
count(*), 
-- Comment about max(posted)
max(c.posted)
from users as u, classified_ads as c
where u.user_id = c.user_id
group by u.user_id, u.email
order by u.email
-- Comment after order by 
;

Compilation suceeded...
==== To: ===>
<v1:Select xmlns:v1="http://www.ivoa.net/xml/ADQL/v1.0">
    <v1:SelectionList>
        <!--+ 
 Comment about user_id
+-->
        <v1:Item xsi:type="v1:columnReferenceType" Table="u" Name="user_id" xmlns:xsi="http://www.w3.org/2001/XMLSchema-instance"/>
        <!--+ 
 Comment about email
+-->
        <v1:Item xsi:type="v1:columnReferenceType" Table="u" Name="email" xmlns:xsi="http://www.w3.org/2001/XMLSchema-instance"/>
        <!--+ 
 Comment about count(*)
+-->
        <v1:Item xsi:type="v1:aggregateFunctionType" Name="COUNT" xmlns:xsi="http://www.w3.org/2001/XMLSchema-instance">
            <v1:Arg xsi:type="v1:allSelectionItemType"/>
        </v1:Item>
        <!--+ 
 Comment about max(posted)
+-->
        <v1:Item xsi:type="v1:aggregateFunctionType" Name="MAX" xmlns:xsi="http://www.w3.org/2001/XMLSchema-instance">
            <v1:Arg xsi:type="v1:columnReferenceType" Table="c" Name="posted"/>
        </v1:Item>
    </v1:SelectionList>
    <v1:From>
        <v1:Table xsi:type="v1:tableType" Name="users" Alias="u" xmlns:xsi="http://www.w3.org/2001/XMLSchema-instance"/>
        <v1:Table xsi:type="v1:tableType" Name="classified_ads" Alias="c" xmlns:xsi="http://www.w3.org/2001/XMLSchema-instance"/>
    </v1:From>
    <v1:Where>
        <v1:Condition xsi:type="v1:comparisonPredType" Comparison="=" xmlns:xsi="http://www.w3.org/2001/XMLSchema-instance">
            <v1:Arg xsi:type="v1:columnReferenceType" Table="u" Name="user_id"/>
            <v1:Arg xsi:type="v1:columnReferenceType" Table="c" Name="user_id"/>
        </v1:Condition>
    </v1:Where>
    <v1:GroupBy>
        <v1:Column Table="u" Name="user_id"/>
        <v1:Column Table="u" Name="email"/>
    </v1:GroupBy>
    <v1:OrderBy>
        <v1:Item>
            <v1:Expression xsi:type="v1:columnReferenceType" Table="u" Name="email" xmlns:xsi="http://www.w3.org/2001/XMLSchema-instance"/>
            <v1:Order Direction="ASC"/>
        </v1:Item>
    </v1:OrderBy>
</v1:Select>
<!--+
 Comment after order by 
+-->
------------------------------------------------
Compiling commentsMultipleLines04.adqls
------------------------------------------------
== From: ===>
-- Here is a comment before the Select statment
select 
-- Comment before the select all item line 1
-- Comment before the select all item line 2
* from catalogue as a 
;

Compilation suceeded...
==== To: ===>
<!--+ Here is a comment before the Select statment
+-->
<v1:Select xmlns:v1="http://www.ivoa.net/xml/ADQL/v1.0">
    <v1:SelectionList>
        <!--+ 
 Comment before the select all item line 1
 Comment before the select all item line 2
+-->
        <v1:Item xsi:type="v1:allSelectionItemType" xmlns:xsi="http://www.w3.org/2001/XMLSchema-instance"/>
    </v1:SelectionList>
    <v1:From>
        <v1:Table xsi:type="v1:tableType" Name="catalogue" Alias="a" xmlns:xsi="http://www.w3.org/2001/XMLSchema-instance"/>
    </v1:From>
</v1:Select>
------------------------------------------------
Compiling complexSelect01.adqls
------------------------------------------------
== From: ===>
select u.user_id, u.email, count(*), max(c.posted)
from users as u, classified_ads as c
where u.user_id = c.user_id
group by u.user_id, u.email
order by u.email ;

Compilation suceeded...
==== To: ===>
<v1:Select xmlns:v1="http://www.ivoa.net/xml/ADQL/v1.0">
    <v1:SelectionList>
        <v1:Item xsi:type="v1:columnReferenceType" Table="u" Name="user_id" xmlns:xsi="http://www.w3.org/2001/XMLSchema-instance"/>
        <v1:Item xsi:type="v1:columnReferenceType" Table="u" Name="email" xmlns:xsi="http://www.w3.org/2001/XMLSchema-instance"/>
        <v1:Item xsi:type="v1:aggregateFunctionType" Name="COUNT" xmlns:xsi="http://www.w3.org/2001/XMLSchema-instance">
            <v1:Arg xsi:type="v1:allSelectionItemType"/>
        </v1:Item>
        <v1:Item xsi:type="v1:aggregateFunctionType" Name="MAX" xmlns:xsi="http://www.w3.org/2001/XMLSchema-instance">
            <v1:Arg xsi:type="v1:columnReferenceType" Table="c" Name="posted"/>
        </v1:Item>
    </v1:SelectionList>
    <v1:From>
        <v1:Table xsi:type="v1:tableType" Name="users" Alias="u" xmlns:xsi="http://www.w3.org/2001/XMLSchema-instance"/>
        <v1:Table xsi:type="v1:tableType" Name="classified_ads" Alias="c" xmlns:xsi="http://www.w3.org/2001/XMLSchema-instance"/>
    </v1:From>
    <v1:Where>
        <v1:Condition xsi:type="v1:comparisonPredType" Comparison="=" xmlns:xsi="http://www.w3.org/2001/XMLSchema-instance">
            <v1:Arg xsi:type="v1:columnReferenceType" Table="u" Name="user_id"/>
            <v1:Arg xsi:type="v1:columnReferenceType" Table="c" Name="user_id"/>
        </v1:Condition>
    </v1:Where>
    <v1:GroupBy>
        <v1:Column Table="u" Name="user_id"/>
        <v1:Column Table="u" Name="email"/>
    </v1:GroupBy>
    <v1:OrderBy>
        <v1:Item>
            <v1:Expression xsi:type="v1:columnReferenceType" Table="u" Name="email" xmlns:xsi="http://www.w3.org/2001/XMLSchema-instance"/>
            <v1:Order Direction="ASC"/>
        </v1:Item>
    </v1:OrderBy>
</v1:Select>
------------------------------------------------
Compiling coneSearch01.adqls
------------------------------------------------
== From: ===>
Select * From catalogue as a Where 
(a.POS_EQ_RA<100)  
And  
( 
  ( a.POS_EQ_RA>100 )  
  And  
  ( 
    ACOS((
           ( SIN( a.POS_EQ_DEC ) * SIN( 100 ) ) 
           + 
           ( 
             COS(a.POS_EQ_DEC)  
             *  
             ( COS(100)  * COS( (a.POS_EQ_RA - 100) ) )  
           )
        )) <= 100
  ) 
)

Compilation suceeded...
==== To: ===>
<v1:Select xmlns:v1="http://www.ivoa.net/xml/ADQL/v1.0">
    <v1:SelectionList>
        <v1:Item xsi:type="v1:allSelectionItemType" xmlns:xsi="http://www.w3.org/2001/XMLSchema-instance"/>
    </v1:SelectionList>
    <v1:From>
        <v1:Table xsi:type="v1:tableType" Name="catalogue" Alias="a" xmlns:xsi="http://www.w3.org/2001/XMLSchema-instance"/>
    </v1:From>
    <v1:Where>
        <v1:Condition xsi:type="v1:intersectionSearchType" xmlns:xsi="http://www.w3.org/2001/XMLSchema-instance">
            <v1:Condition xsi:type="v1:closedSearchType">
                <v1:Condition xsi:type="v1:comparisonPredType" Comparison="&lt;">
                    <v1:Arg xsi:type="v1:columnReferenceType" Table="a" Name="POS_EQ_RA"/>
                    <v1:Arg xsi:type="v1:atomType">
                        <v1:Literal Value="100" xsi:type="v1:integerType"/>
                    </v1:Arg>
                </v1:Condition>
            </v1:Condition>
            <v1:Condition xsi:type="v1:closedSearchType">
                <v1:Condition xsi:type="v1:intersectionSearchType">
                    <v1:Condition xsi:type="v1:closedSearchType">
                        <v1:Condition xsi:type="v1:comparisonPredType" Comparison=">">
                            <v1:Arg xsi:type="v1:columnReferenceType" Table="a" Name="POS_EQ_RA"/>
                            <v1:Arg xsi:type="v1:atomType">
                                <v1:Literal Value="100" xsi:type="v1:integerType"/>
                            </v1:Arg>
                        </v1:Condition>
                    </v1:Condition>
                    <v1:Condition xsi:type="v1:closedSearchType">
                        <v1:Condition xsi:type="v1:comparisonPredType" Comparison="&lt;=">
                            <v1:Arg xsi:type="v1:trigonometricFunctionType" Name="ACOS">
                                <v1:Arg xsi:type="v1:closedExprType">
                                    <v1:Arg xsi:type="v1:binaryExprType" Oper="+">
                                        <v1:Arg xsi:type="v1:closedExprType">
                                            <v1:Arg xsi:type="v1:binaryExprType" Oper="*">
                                                <v1:Arg xsi:type="v1:trigonometricFunctionType" Name="SIN">
                                                    <v1:Arg xsi:type="v1:columnReferenceType" Table="a" Name="POS_EQ_DEC"/>
                                                </v1:Arg>
                                                <v1:Arg xsi:type="v1:trigonometricFunctionType" Name="SIN">
                                                    <v1:Arg xsi:type="v1:atomType">
                                                        <v1:Literal Value="100" xsi:type="v1:integerType"/>
                                                    </v1:Arg>
                                                </v1:Arg>
                                            </v1:Arg>
                                        </v1:Arg>
                                        <v1:Arg xsi:type="v1:closedExprType">
                                            <v1:Arg xsi:type="v1:binaryExprType" Oper="*">
                                                <v1:Arg xsi:type="v1:trigonometricFunctionType" Name="COS">
                                                    <v1:Arg xsi:type="v1:columnReferenceType" Table="a" Name="POS_EQ_DEC"/>
                                                </v1:Arg>
                                                <v1:Arg xsi:type="v1:closedExprType">
                                                    <v1:Arg xsi:type="v1:binaryExprType" Oper="*">
                                                        <v1:Arg xsi:type="v1:trigonometricFunctionType" Name="COS">
                                                            <v1:Arg xsi:type="v1:atomType">
                                                                <v1:Literal Value="100" xsi:type="v1:integerType"/>
                                                            </v1:Arg>
                                                        </v1:Arg>
                                                        <v1:Arg xsi:type="v1:trigonometricFunctionType" Name="COS">
                                                            <v1:Arg xsi:type="v1:closedExprType">
                                                                <v1:Arg xsi:type="v1:binaryExprType" Oper="-">
                                                                    <v1:Arg xsi:type="v1:columnReferenceType" Table="a" Name="POS_EQ_RA"/>
                                                                    <v1:Arg xsi:type="v1:atomType">
                                                                        <v1:Literal Value="100" xsi:type="v1:integerType"/>
                                                                    </v1:Arg>
                                                                </v1:Arg>
                                                            </v1:Arg>
                                                        </v1:Arg>
                                                    </v1:Arg>
                                                </v1:Arg>
                                            </v1:Arg>
                                        </v1:Arg>
                                    </v1:Arg>
                                </v1:Arg>
                            </v1:Arg>
                            <v1:Arg xsi:type="v1:atomType">
                                <v1:Literal Value="100" xsi:type="v1:integerType"/>
                            </v1:Arg>
                        </v1:Condition>
                    </v1:Condition>
                </v1:Condition>
            </v1:Condition>
        </v1:Condition>
    </v1:Where>
</v1:Select>
------------------------------------------------
Compiling coneSearch02.adqls
------------------------------------------------
== From: ===>
Select * From catalogue as a Where 
(a.POS_EQ_DEC<5.01)  
And  
( 
  (a.POS_EQ_DEC>4.99)  
  And  
  ( (
     2.0 
     * 
     ASIN(
           SQRT(( 
                  POWER( 
                          SIN( ( (RADIANS(a.POS_EQ_DEC)  - 0.08726646259971647)   / 2.0)  ) 
                        , 2
                       )  
                  +  
                  ( 
                    ( 
                      COS(RADIANS(a.POS_EQ_DEC) )  
                      *  
                      ( 
                        COS(0.08726646259971647)  
                        * 
                        POWER( SIN( ( (RADIANS(a.POS_EQ_RA)  - 0.08726646259971647) / 2.0)  ) ,2 )

                      )  
                    )  
                  )  
              )) 
          ) 
    ) 
    <
    1.7453292519943296E+3
  ) 
)

Compilation suceeded...
==== To: ===>
<v1:Select xmlns:v1="http://www.ivoa.net/xml/ADQL/v1.0">
    <v1:SelectionList>
        <v1:Item xsi:type="v1:allSelectionItemType" xmlns:xsi="http://www.w3.org/2001/XMLSchema-instance"/>
    </v1:SelectionList>
    <v1:From>
        <v1:Table xsi:type="v1:tableType" Name="catalogue" Alias="a" xmlns:xsi="http://www.w3.org/2001/XMLSchema-instance"/>
    </v1:From>
    <v1:Where>
        <v1:Condition xsi:type="v1:intersectionSearchType" xmlns:xsi="http://www.w3.org/2001/XMLSchema-instance">
            <v1:Condition xsi:type="v1:closedSearchType">
                <v1:Condition xsi:type="v1:comparisonPredType" Comparison="&lt;">
                    <v1:Arg xsi:type="v1:columnReferenceType" Table="a" Name="POS_EQ_DEC"/>
                    <v1:Arg xsi:type="v1:atomType">
                        <v1:Literal Value="5.01" xsi:type="v1:realType"/>
                    </v1:Arg>
                </v1:Condition>
            </v1:Condition>
            <v1:Condition xsi:type="v1:closedSearchType">
                <v1:Condition xsi:type="v1:intersectionSearchType">
                    <v1:Condition xsi:type="v1:closedSearchType">
                        <v1:Condition xsi:type="v1:comparisonPredType" Comparison=">">
                            <v1:Arg xsi:type="v1:columnReferenceType" Table="a" Name="POS_EQ_DEC"/>
                            <v1:Arg xsi:type="v1:atomType">
                                <v1:Literal Value="4.99" xsi:type="v1:realType"/>
                            </v1:Arg>
                        </v1:Condition>
                    </v1:Condition>
                    <v1:Condition xsi:type="v1:closedSearchType">
                        <v1:Condition xsi:type="v1:comparisonPredType" Comparison="&lt;">
                            <v1:Arg xsi:type="v1:closedExprType">
                                <v1:Arg xsi:type="v1:binaryExprType" Oper="*">
                                    <v1:Arg xsi:type="v1:atomType">
                                        <v1:Literal Value="2.0" xsi:type="v1:realType"/>
                                    </v1:Arg>
                                    <v1:Arg xsi:type="v1:trigonometricFunctionType" Name="ASIN">
                                        <v1:Arg xsi:type="v1:mathFunctionType" Name="SQRT">
                                            <v1:Arg xsi:type="v1:closedExprType">
                                                <v1:Arg xsi:type="v1:binaryExprType" Oper="+">
                                                    <v1:Arg xsi:type="v1:mathFunctionType" Name="POWER">
                                                        <v1:Arg xsi:type="v1:trigonometricFunctionType" Name="SIN">
                                                            <v1:Arg xsi:type="v1:closedExprType">
                                                                <v1:Arg xsi:type="v1:binaryExprType" Oper="/">
                                                                    <v1:Arg xsi:type="v1:closedExprType">
                                                                        <v1:Arg xsi:type="v1:binaryExprType" Oper="-">
                                                                            <v1:Arg xsi:type="v1:mathFunctionType" Name="RADIANS">
                                                                                <v1:Arg xsi:type="v1:columnReferenceType" Table="a" Name="POS_EQ_DEC"/>
                                                                            </v1:Arg>
                                                                            <v1:Arg xsi:type="v1:atomType">
                                                                                <v1:Literal Value="0.08726646259971647" xsi:type="v1:realType"/>
                                                                            </v1:Arg>
                                                                        </v1:Arg>
                                                                    </v1:Arg>
                                                                    <v1:Arg xsi:type="v1:atomType">
                                                                        <v1:Literal Value="2.0" xsi:type="v1:realType"/>
                                                                    </v1:Arg>
                                                                </v1:Arg>
                                                            </v1:Arg>
                                                        </v1:Arg>
                                                        <v1:Arg xsi:type="v1:atomType">
                                                            <v1:Literal Value="2" xsi:type="v1:integerType"/>
                                                        </v1:Arg>
                                                    </v1:Arg>
                                                    <v1:Arg xsi:type="v1:closedExprType">
                                                        <v1:Arg xsi:type="v1:closedExprType">
                                                            <v1:Arg xsi:type="v1:binaryExprType" Oper="*">
                                                                <v1:Arg xsi:type="v1:trigonometricFunctionType" Name="COS">
                                                                    <v1:Arg xsi:type="v1:mathFunctionType" Name="RADIANS">
                                                                        <v1:Arg xsi:type="v1:columnReferenceType" Table="a" Name="POS_EQ_DEC"/>
                                                                    </v1:Arg>
                                                                </v1:Arg>
                                                                <v1:Arg xsi:type="v1:closedExprType">
                                                                    <v1:Arg xsi:type="v1:binaryExprType" Oper="*">
                                                                        <v1:Arg xsi:type="v1:trigonometricFunctionType" Name="COS">
                                                                            <v1:Arg xsi:type="v1:atomType">
                                                                                <v1:Literal Value="0.08726646259971647" xsi:type="v1:realType"/>
                                                                            </v1:Arg>
                                                                        </v1:Arg>
                                                                        <v1:Arg xsi:type="v1:mathFunctionType" Name="POWER">
                                                                            <v1:Arg xsi:type="v1:trigonometricFunctionType" Name="SIN">
                                                                                <v1:Arg xsi:type="v1:closedExprType">
                                                                                    <v1:Arg xsi:type="v1:binaryExprType" Oper="/">
                                                                                        <v1:Arg xsi:type="v1:closedExprType">
                                                                                            <v1:Arg xsi:type="v1:binaryExprType" Oper="-">
                                                                                                <v1:Arg xsi:type="v1:mathFunctionType" Name="RADIANS">
                                                                                                    <v1:Arg xsi:type="v1:columnReferenceType" Table="a" Name="POS_EQ_RA"/>
                                                                                                </v1:Arg>
                                                                                                <v1:Arg xsi:type="v1:atomType">
                                                                                                    <v1:Literal Value="0.08726646259971647" xsi:type="v1:realType"/>
                                                                                                </v1:Arg>
                                                                                            </v1:Arg>
                                                                                        </v1:Arg>
                                                                                        <v1:Arg xsi:type="v1:atomType">
                                                                                            <v1:Literal Value="2.0" xsi:type="v1:realType"/>
                                                                                        </v1:Arg>
                                                                                    </v1:Arg>
                                                                                </v1:Arg>
                                                                            </v1:Arg>
                                                                            <v1:Arg xsi:type="v1:atomType">
                                                                                <v1:Literal Value="2" xsi:type="v1:integerType"/>
                                                                            </v1:Arg>
                                                                        </v1:Arg>
                                                                    </v1:Arg>
                                                                </v1:Arg>
                                                            </v1:Arg>
                                                        </v1:Arg>
                                                    </v1:Arg>
                                                </v1:Arg>
                                            </v1:Arg>
                                        </v1:Arg>
                                    </v1:Arg>
                                </v1:Arg>
                            </v1:Arg>
                            <v1:Arg xsi:type="v1:atomType">
                                <v1:Literal Value="1745.3292519943295" xsi:type="v1:realType"/>
                            </v1:Arg>
                        </v1:Condition>
                    </v1:Condition>
                </v1:Condition>
            </v1:Condition>
        </v1:Condition>
    </v1:Where>
</v1:Select>
------------------------------------------------
Compiling decAsNonReservedWord.adqls
------------------------------------------------
== From: ===>
SELECT TOP 100 * FROM twomass_psc as o WHERE (o.ra > 56.25) AND (o.ra < 57.25) AND
(o.dec > 23.6167) and (o.dec < 24.6167) and (o.j_m - o.k_m) < 1.0

Compilation suceeded...
==== To: ===>
<v1:Select xmlns:v1="http://www.ivoa.net/xml/ADQL/v1.0">
    <v1:Restrict Top="100"/>
    <v1:SelectionList>
        <v1:Item xsi:type="v1:allSelectionItemType" xmlns:xsi="http://www.w3.org/2001/XMLSchema-instance"/>
    </v1:SelectionList>
    <v1:From>
        <v1:Table xsi:type="v1:tableType" Name="twomass_psc" Alias="o" xmlns:xsi="http://www.w3.org/2001/XMLSchema-instance"/>
    </v1:From>
    <v1:Where>
        <v1:Condition xsi:type="v1:intersectionSearchType" xmlns:xsi="http://www.w3.org/2001/XMLSchema-instance">
            <v1:Condition xsi:type="v1:closedSearchType">
                <v1:Condition xsi:type="v1:comparisonPredType" Comparison=">">
                    <v1:Arg xsi:type="v1:columnReferenceType" Table="o" Name="ra"/>
                    <v1:Arg xsi:type="v1:atomType">
                        <v1:Literal Value="56.25" xsi:type="v1:realType"/>
                    </v1:Arg>
                </v1:Condition>
            </v1:Condition>
            <v1:Condition xsi:type="v1:intersectionSearchType">
                <v1:Condition xsi:type="v1:closedSearchType">
                    <v1:Condition xsi:type="v1:comparisonPredType" Comparison="&lt;">
                        <v1:Arg xsi:type="v1:columnReferenceType" Table="o" Name="ra"/>
                        <v1:Arg xsi:type="v1:atomType">
                            <v1:Literal Value="57.25" xsi:type="v1:realType"/>
                        </v1:Arg>
                    </v1:Condition>
                </v1:Condition>
                <v1:Condition xsi:type="v1:intersectionSearchType">
                    <v1:Condition xsi:type="v1:closedSearchType">
                        <v1:Condition xsi:type="v1:comparisonPredType" Comparison=">">
                            <v1:Arg xsi:type="v1:columnReferenceType" Table="o" Name="dec"/>
                            <v1:Arg xsi:type="v1:atomType">
                                <v1:Literal Value="23.6167" xsi:type="v1:realType"/>
                            </v1:Arg>
                        </v1:Condition>
                    </v1:Condition>
                    <v1:Condition xsi:type="v1:intersectionSearchType">
                        <v1:Condition xsi:type="v1:closedSearchType">
                            <v1:Condition xsi:type="v1:comparisonPredType" Comparison="&lt;">
                                <v1:Arg xsi:type="v1:columnReferenceType" Table="o" Name="dec"/>
                                <v1:Arg xsi:type="v1:atomType">
                                    <v1:Literal Value="24.6167" xsi:type="v1:realType"/>
                                </v1:Arg>
                            </v1:Condition>
                        </v1:Condition>
                        <v1:Condition xsi:type="v1:comparisonPredType" Comparison="&lt;">
                            <v1:Arg xsi:type="v1:closedExprType">
                                <v1:Arg xsi:type="v1:binaryExprType" Oper="-">
                                    <v1:Arg xsi:type="v1:columnReferenceType" Table="o" Name="j_m"/>
                                    <v1:Arg xsi:type="v1:columnReferenceType" Table="o" Name="k_m"/>
                                </v1:Arg>
                            </v1:Arg>
                            <v1:Arg xsi:type="v1:atomType">
                                <v1:Literal Value="1.0" xsi:type="v1:realType"/>
                            </v1:Arg>
                        </v1:Condition>
                    </v1:Condition>
                </v1:Condition>
            </v1:Condition>
        </v1:Condition>
    </v1:Where>
</v1:Select>
------------------------------------------------
Compiling delimitedIdentifier.adqls
------------------------------------------------
== From: ===>
select top 100  * from "!Catalogue_$£%^&*(_   _ @#~?+-" as a ;

Compilation suceeded...
==== To: ===>
<v1:Select xmlns:v1="http://www.ivoa.net/xml/ADQL/v1.0">
    <v1:Restrict Top="100"/>
    <v1:SelectionList>
        <v1:Item xsi:type="v1:allSelectionItemType" xmlns:xsi="http://www.w3.org/2001/XMLSchema-instance"/>
    </v1:SelectionList>
    <v1:From>
        <v1:Table xsi:type="v1:tableType" Name="!Catalogue_$£%^&amp;*(_   _ @#~?+-" Alias="a" xmlns:xsi="http://www.w3.org/2001/XMLSchema-instance"/>
    </v1:From>
</v1:Select>
------------------------------------------------
Compiling groupByOneColumn.adqls
------------------------------------------------
== From: ===>
select v.state_code, v.city_name, count(*) from villes as v group by v.state_code ;

Compilation suceeded...
==== To: ===>
<v1:Select xmlns:v1="http://www.ivoa.net/xml/ADQL/v1.0">
    <v1:SelectionList>
        <v1:Item xsi:type="v1:columnReferenceType" Table="v" Name="state_code" xmlns:xsi="http://www.w3.org/2001/XMLSchema-instance"/>
        <v1:Item xsi:type="v1:columnReferenceType" Table="v" Name="city_name" xmlns:xsi="http://www.w3.org/2001/XMLSchema-instance"/>
        <v1:Item xsi:type="v1:aggregateFunctionType" Name="COUNT" xmlns:xsi="http://www.w3.org/2001/XMLSchema-instance">
            <v1:Arg xsi:type="v1:allSelectionItemType"/>
        </v1:Item>
    </v1:SelectionList>
    <v1:From>
        <v1:Table xsi:type="v1:tableType" Name="villes" Alias="v" xmlns:xsi="http://www.w3.org/2001/XMLSchema-instance"/>
    </v1:From>
    <v1:GroupBy>
        <v1:Column Table="v" Name="state_code"/>
    </v1:GroupBy>
</v1:Select>
------------------------------------------------
Compiling innerJoinWithJoinCondition.adqls
------------------------------------------------
== From: ===>
select * from foo as f inner join bar as b on f.y >= b.x ;

Compilation suceeded...
==== To: ===>
<v1:Select xmlns:v1="http://www.ivoa.net/xml/ADQL/v1.0">
    <v1:SelectionList>
        <v1:Item xsi:type="v1:allSelectionItemType" xmlns:xsi="http://www.w3.org/2001/XMLSchema-instance"/>
    </v1:SelectionList>
    <v1:From>
        <v1:Table xsi:type="v1:joinTableType" xmlns:xsi="http://www.w3.org/2001/XMLSchema-instance">
            <v1:Qualifier>INNER</v1:Qualifier>
            <v1:Tables>
                <v1:fromTableType xsi:type="v1:tableType" Name="foo" Alias="f"/>
                <v1:fromTableType xsi:type="v1:tableType" Name="bar" Alias="b"/>
            </v1:Tables>
            <v1:Condition Comparison=">=">
                <v1:Arg xsi:type="v1:columnReferenceType" Table="f" Name="y"/>
                <v1:Arg xsi:type="v1:columnReferenceType" Table="b" Name="x"/>
            </v1:Condition>
        </v1:Table>
    </v1:From>
</v1:Select>
------------------------------------------------
Compiling inPredicateWithConstantStringList.adqls
------------------------------------------------
== From: ===>
select * from personnel as p where p.city_name in ( 'New York', 'Chicago', 'Atlanta', 'Austin' ) ;

Compilation suceeded...
==== To: ===>
<v1:Select xmlns:v1="http://www.ivoa.net/xml/ADQL/v1.0">
    <v1:SelectionList>
        <v1:Item xsi:type="v1:allSelectionItemType" xmlns:xsi="http://www.w3.org/2001/XMLSchema-instance"/>
    </v1:SelectionList>
    <v1:From>
        <v1:Table xsi:type="v1:tableType" Name="personnel" Alias="p" xmlns:xsi="http://www.w3.org/2001/XMLSchema-instance"/>
    </v1:From>
    <v1:Where>
        <v1:Condition xsi:type="v1:inclusiveSearchType" xmlns:xsi="http://www.w3.org/2001/XMLSchema-instance">
            <v1:Expression xsi:type="v1:columnReferenceType" Table="p" Name="city_name"/>
            <v1:Set xsi:type="v1:ConstantListSet">
                <v1:Item xsi:type="v1:stringType" Value="New York"/>
                <v1:Item xsi:type="v1:stringType" Value="Chicago"/>
                <v1:Item xsi:type="v1:stringType" Value="Atlanta"/>
                <v1:Item xsi:type="v1:stringType" Value="Austin"/>
            </v1:Set>
        </v1:Condition>
    </v1:Where>
</v1:Select>
------------------------------------------------
Compiling inPredicateWithSubQuery.adqls
------------------------------------------------
== From: ===>
select * from personnel as p where p.city_name in ( select c.city_name from cities as c where c.state = 'NY' ) ;

Compilation suceeded...
==== To: ===>
<v1:Select xmlns:v1="http://www.ivoa.net/xml/ADQL/v1.0">
    <v1:SelectionList>
        <v1:Item xsi:type="v1:allSelectionItemType" xmlns:xsi="http://www.w3.org/2001/XMLSchema-instance"/>
    </v1:SelectionList>
    <v1:From>
        <v1:Table xsi:type="v1:tableType" Name="personnel" Alias="p" xmlns:xsi="http://www.w3.org/2001/XMLSchema-instance"/>
    </v1:From>
    <v1:Where>
        <v1:Condition xsi:type="v1:inclusiveSearchType" xmlns:xsi="http://www.w3.org/2001/XMLSchema-instance">
            <v1:Expression xsi:type="v1:columnReferenceType" Table="p" Name="city_name"/>
            <v1:Set xsi:type="v1:subQuerySet">
                <v1:selection>
                    <v1:SelectionList>
                        <v1:Item xsi:type="v1:columnReferenceType" Table="c" Name="city_name"/>
                    </v1:SelectionList>
                    <v1:From>
                        <v1:Table xsi:type="v1:tableType" Name="cities" Alias="c"/>
                    </v1:From>
                    <v1:Where>
                        <v1:Condition xsi:type="v1:comparisonPredType" Comparison="=">
                            <v1:Arg xsi:type="v1:columnReferenceType" Table="c" Name="state"/>
                            <v1:Arg xsi:type="v1:atomType">
                                <v1:Literal xsi:type="v1:stringType" Value="NY"/>
                            </v1:Arg>
                        </v1:Condition>
                    </v1:Where>
                </v1:selection>
            </v1:Set>
        </v1:Condition>
    </v1:Where>
</v1:Select>
------------------------------------------------
Compiling leftOuterJoinWithJoinCondition.adqls
------------------------------------------------
== From: ===>
select * from tab1 as t1 left outer join tab2 as t2 on t1.a=t2.a where t1.a = 27 ;

Compilation suceeded...
==== To: ===>
<v1:Select xmlns:v1="http://www.ivoa.net/xml/ADQL/v1.0">
    <v1:SelectionList>
        <v1:Item xsi:type="v1:allSelectionItemType" xmlns:xsi="http://www.w3.org/2001/XMLSchema-instance"/>
    </v1:SelectionList>
    <v1:From>
        <v1:Table xsi:type="v1:joinTableType" xmlns:xsi="http://www.w3.org/2001/XMLSchema-instance">
            <v1:Qualifier>LEFT_OUTER</v1:Qualifier>
            <v1:Tables>
                <v1:fromTableType xsi:type="v1:tableType" Name="tab1" Alias="t1"/>
                <v1:fromTableType xsi:type="v1:tableType" Name="tab2" Alias="t2"/>
            </v1:Tables>
            <v1:Condition Comparison="=">
                <v1:Arg xsi:type="v1:columnReferenceType" Table="t1" Name="a"/>
                <v1:Arg xsi:type="v1:columnReferenceType" Table="t2" Name="a"/>
            </v1:Condition>
        </v1:Table>
    </v1:From>
    <v1:Where>
        <v1:Condition xsi:type="v1:comparisonPredType" Comparison="=" xmlns:xsi="http://www.w3.org/2001/XMLSchema-instance">
            <v1:Arg xsi:type="v1:columnReferenceType" Table="t1" Name="a"/>
            <v1:Arg xsi:type="v1:atomType">
                <v1:Literal Value="27" xsi:type="v1:integerType"/>
            </v1:Arg>
        </v1:Condition>
    </v1:Where>
</v1:Select>
------------------------------------------------
Compiling likeWithoutBracket.adqls
------------------------------------------------
== From: ===>
SElect * from people p where p.name like '%son' ;

Compilation suceeded...
==== To: ===>
<v1:Select xmlns:v1="http://www.ivoa.net/xml/ADQL/v1.0">
    <v1:SelectionList>
        <v1:Item xsi:type="v1:allSelectionItemType" xmlns:xsi="http://www.w3.org/2001/XMLSchema-instance"/>
    </v1:SelectionList>
    <v1:From>
        <v1:Table xsi:type="v1:tableType" Name="people" Alias="p" xmlns:xsi="http://www.w3.org/2001/XMLSchema-instance"/>
    </v1:From>
    <v1:Where>
        <v1:Condition xsi:type="v1:likePredType" xmlns:xsi="http://www.w3.org/2001/XMLSchema-instance">
            <v1:Arg xsi:type="v1:columnReferenceType" Table="p" Name="name"/>
            <v1:Pattern>
                <v1:Literal xsi:type="v1:stringType" Value="%son"/>
            </v1:Pattern>
        </v1:Condition>
    </v1:Where>
</v1:Select>
------------------------------------------------
Compiling likeWithBracket.adqls
------------------------------------------------
== From: ===>
SElect * from people p where ( p.name like '%son' ) 

Compilation suceeded...
==== To: ===>
<v1:Select xmlns:v1="http://www.ivoa.net/xml/ADQL/v1.0">
    <v1:SelectionList>
        <v1:Item xsi:type="v1:allSelectionItemType" xmlns:xsi="http://www.w3.org/2001/XMLSchema-instance"/>
    </v1:SelectionList>
    <v1:From>
        <v1:Table xsi:type="v1:tableType" Name="people" Alias="p" xmlns:xsi="http://www.w3.org/2001/XMLSchema-instance"/>
    </v1:From>
    <v1:Where>
        <v1:Condition xsi:type="v1:closedSearchType" xmlns:xsi="http://www.w3.org/2001/XMLSchema-instance">
            <v1:Condition xsi:type="v1:likePredType">
                <v1:Arg xsi:type="v1:columnReferenceType" Table="p" Name="name"/>
                <v1:Pattern>
                    <v1:Literal xsi:type="v1:stringType" Value="%son"/>
                </v1:Pattern>
            </v1:Condition>
        </v1:Condition>
    </v1:Where>
</v1:Select>
------------------------------------------------
Compiling MAInnerJoinWithJoinCondition.adqls
------------------------------------------------
== From: ===>
select * from arc1.foo as f inner join arc2.bar as b on f.y >= b.x ;

Compilation suceeded...
==== To: ===>
<v1:Select xmlns:v1="http://www.ivoa.net/xml/ADQL/v1.0">
    <v1:SelectionList>
        <v1:Item xsi:type="v1:allSelectionItemType" xmlns:xsi="http://www.w3.org/2001/XMLSchema-instance"/>
    </v1:SelectionList>
    <v1:From>
        <v1:Table xsi:type="v1:joinTableType" xmlns:xsi="http://www.w3.org/2001/XMLSchema-instance">
            <v1:Qualifier>INNER</v1:Qualifier>
            <v1:Tables>
                <v1:fromTableType xsi:type="v1:tableType" Archive="arc1" Name="foo" Alias="f"/>
                <v1:fromTableType xsi:type="v1:tableType" Archive="arc2" Name="bar" Alias="b"/>
            </v1:Tables>
            <v1:Condition Comparison=">=">
                <v1:Arg xsi:type="v1:columnReferenceType" Table="f" Name="y"/>
                <v1:Arg xsi:type="v1:columnReferenceType" Table="b" Name="x"/>
            </v1:Condition>
        </v1:Table>
    </v1:From>
</v1:Select>
------------------------------------------------
Compiling MALeftOuterJoinWithJoinCondition.adqls
------------------------------------------------
== From: ===>
select * from arc1.tab1 as t1 left outer join arc2.tab2 as t2 on t1.a=t2.a where t1.a = 27 ;

Compilation suceeded...
==== To: ===>
<v1:Select xmlns:v1="http://www.ivoa.net/xml/ADQL/v1.0">
    <v1:SelectionList>
        <v1:Item xsi:type="v1:allSelectionItemType" xmlns:xsi="http://www.w3.org/2001/XMLSchema-instance"/>
    </v1:SelectionList>
    <v1:From>
        <v1:Table xsi:type="v1:joinTableType" xmlns:xsi="http://www.w3.org/2001/XMLSchema-instance">
            <v1:Qualifier>LEFT_OUTER</v1:Qualifier>
            <v1:Tables>
                <v1:fromTableType xsi:type="v1:tableType" Archive="arc1" Name="tab1" Alias="t1"/>
                <v1:fromTableType xsi:type="v1:tableType" Archive="arc2" Name="tab2" Alias="t2"/>
            </v1:Tables>
            <v1:Condition Comparison="=">
                <v1:Arg xsi:type="v1:columnReferenceType" Table="t1" Name="a"/>
                <v1:Arg xsi:type="v1:columnReferenceType" Table="t2" Name="a"/>
            </v1:Condition>
        </v1:Table>
    </v1:From>
    <v1:Where>
        <v1:Condition xsi:type="v1:comparisonPredType" Comparison="=" xmlns:xsi="http://www.w3.org/2001/XMLSchema-instance">
            <v1:Arg xsi:type="v1:columnReferenceType" Table="t1" Name="a"/>
            <v1:Arg xsi:type="v1:atomType">
                <v1:Literal Value="27" xsi:type="v1:integerType"/>
            </v1:Arg>
        </v1:Condition>
    </v1:Where>
</v1:Select>
------------------------------------------------
Compiling MAThreeWayJoin.adqls
------------------------------------------------
== From: ===>
SELECT las.sourceID, las.ra, las."dec", fsc.seqNo, fsc.ra, fsc."dec"
FROM cat1.lasSource AS las, cat2.rosat_fsc AS fsc, cat3.lasSourceXrosat_fsc AS x
WHERE x.masterObjID=las.sourceID AND x.slaveObjID=fsc.seqNo AND 
x.distanceMins<0.1

Compilation suceeded...
==== To: ===>
<v1:Select xmlns:v1="http://www.ivoa.net/xml/ADQL/v1.0">
    <v1:SelectionList>
        <v1:Item xsi:type="v1:columnReferenceType" Table="las" Name="sourceID" xmlns:xsi="http://www.w3.org/2001/XMLSchema-instance"/>
        <v1:Item xsi:type="v1:columnReferenceType" Table="las" Name="ra" xmlns:xsi="http://www.w3.org/2001/XMLSchema-instance"/>
        <v1:Item xsi:type="v1:columnReferenceType" Table="las" Name="dec" xmlns:xsi="http://www.w3.org/2001/XMLSchema-instance"/>
        <v1:Item xsi:type="v1:columnReferenceType" Table="fsc" Name="seqNo" xmlns:xsi="http://www.w3.org/2001/XMLSchema-instance"/>
        <v1:Item xsi:type="v1:columnReferenceType" Table="fsc" Name="ra" xmlns:xsi="http://www.w3.org/2001/XMLSchema-instance"/>
        <v1:Item xsi:type="v1:columnReferenceType" Table="fsc" Name="dec" xmlns:xsi="http://www.w3.org/2001/XMLSchema-instance"/>
    </v1:SelectionList>
    <v1:From>
        <v1:Table xsi:type="v1:tableType" Archive="cat1" Name="lasSource" Alias="las" xmlns:xsi="http://www.w3.org/2001/XMLSchema-instance"/>
        <v1:Table xsi:type="v1:tableType" Archive="cat2" Name="rosat_fsc" Alias="fsc" xmlns:xsi="http://www.w3.org/2001/XMLSchema-instance"/>
        <v1:Table xsi:type="v1:tableType" Archive="cat3" Name="lasSourceXrosat_fsc" Alias="x" xmlns:xsi="http://www.w3.org/2001/XMLSchema-instance"/>
    </v1:From>
    <v1:Where>
        <v1:Condition xsi:type="v1:intersectionSearchType" xmlns:xsi="http://www.w3.org/2001/XMLSchema-instance">
            <v1:Condition xsi:type="v1:comparisonPredType" Comparison="=">
                <v1:Arg xsi:type="v1:columnReferenceType" Table="x" Name="masterObjID"/>
                <v1:Arg xsi:type="v1:columnReferenceType" Table="las" Name="sourceID"/>
            </v1:Condition>
            <v1:Condition xsi:type="v1:intersectionSearchType">
                <v1:Condition xsi:type="v1:comparisonPredType" Comparison="=">
                    <v1:Arg xsi:type="v1:columnReferenceType" Table="x" Name="slaveObjID"/>
                    <v1:Arg xsi:type="v1:columnReferenceType" Table="fsc" Name="seqNo"/>
                </v1:Condition>
                <v1:Condition xsi:type="v1:comparisonPredType" Comparison="&lt;">
                    <v1:Arg xsi:type="v1:columnReferenceType" Table="x" Name="distanceMins"/>
                    <v1:Arg xsi:type="v1:atomType">
                        <v1:Literal Value="0.1" xsi:type="v1:realType"/>
                    </v1:Arg>
                </v1:Condition>
            </v1:Condition>
        </v1:Condition>
    </v1:Where>
</v1:Select>
------------------------------------------------
Compiling MAThreeWayJoinNonAliased.adqls
------------------------------------------------
== From: ===>
SELECT cat1.lasSource.sourceID, 
       cat1.lasSource.ra, 
       cat1.lasSource."dec", 
       cat2.rosat_fsc.seqNo, 
       cat2.rosat_fsc.ra, 
       cat2.rosat_fsc."dec"
FROM cat1.lasSource, cat2.rosat_fsc, cat3.lasSourceXrosat_fsc
WHERE cat3.lasSourceXrosat_fsc.masterObjID=cat1.lasSource.sourceID 
  AND cat3.lasSourceXrosat_fsc.slaveObjID=cat2.rosat_fsc.seqNo 
  AND cat3.lasSourceXrosat_fsc.distanceMins<0.1

Compilation suceeded...
==== To: ===>
<v1:Select xmlns:v1="http://www.ivoa.net/xml/ADQL/v1.0">
    <v1:SelectionList>
        <v1:Item xsi:type="v1:columnReferenceType" Archive="cat1" Table="lasSource" Name="sourceID" xmlns:xsi="http://www.w3.org/2001/XMLSchema-instance"/>
        <v1:Item xsi:type="v1:columnReferenceType" Archive="cat1" Table="lasSource" Name="ra" xmlns:xsi="http://www.w3.org/2001/XMLSchema-instance"/>
        <v1:Item xsi:type="v1:columnReferenceType" Archive="cat1" Table="lasSource" Name="dec" xmlns:xsi="http://www.w3.org/2001/XMLSchema-instance"/>
        <v1:Item xsi:type="v1:columnReferenceType" Archive="cat2" Table="rosat_fsc" Name="seqNo" xmlns:xsi="http://www.w3.org/2001/XMLSchema-instance"/>
        <v1:Item xsi:type="v1:columnReferenceType" Archive="cat2" Table="rosat_fsc" Name="ra" xmlns:xsi="http://www.w3.org/2001/XMLSchema-instance"/>
        <v1:Item xsi:type="v1:columnReferenceType" Archive="cat2" Table="rosat_fsc" Name="dec" xmlns:xsi="http://www.w3.org/2001/XMLSchema-instance"/>
    </v1:SelectionList>
    <v1:From>
        <v1:Table xsi:type="v1:tableType" Archive="cat1" Name="lasSource" xmlns:xsi="http://www.w3.org/2001/XMLSchema-instance"/>
        <v1:Table xsi:type="v1:tableType" Archive="cat2" Name="rosat_fsc" xmlns:xsi="http://www.w3.org/2001/XMLSchema-instance"/>
        <v1:Table xsi:type="v1:tableType" Archive="cat3" Name="lasSourceXrosat_fsc" xmlns:xsi="http://www.w3.org/2001/XMLSchema-instance"/>
    </v1:From>
    <v1:Where>
        <v1:Condition xsi:type="v1:intersectionSearchType" xmlns:xsi="http://www.w3.org/2001/XMLSchema-instance">
            <v1:Condition xsi:type="v1:comparisonPredType" Comparison="=">
                <v1:Arg xsi:type="v1:columnReferenceType" Archive="cat3" Table="lasSourceXrosat_fsc" Name="masterObjID"/>
                <v1:Arg xsi:type="v1:columnReferenceType" Archive="cat1" Table="lasSource" Name="sourceID"/>
            </v1:Condition>
            <v1:Condition xsi:type="v1:intersectionSearchType">
                <v1:Condition xsi:type="v1:comparisonPredType" Comparison="=">
                    <v1:Arg xsi:type="v1:columnReferenceType" Archive="cat3" Table="lasSourceXrosat_fsc" Name="slaveObjID"/>
                    <v1:Arg xsi:type="v1:columnReferenceType" Archive="cat2" Table="rosat_fsc" Name="seqNo"/>
                </v1:Condition>
                <v1:Condition xsi:type="v1:comparisonPredType" Comparison="&lt;">
                    <v1:Arg xsi:type="v1:columnReferenceType" Archive="cat3" Table="lasSourceXrosat_fsc" Name="distanceMins"/>
                    <v1:Arg xsi:type="v1:atomType">
                        <v1:Literal Value="0.1" xsi:type="v1:realType"/>
                    </v1:Arg>
                </v1:Condition>
            </v1:Condition>
        </v1:Condition>
    </v1:Where>
</v1:Select>
------------------------------------------------
Compiling naiveConeSearch.adqls
------------------------------------------------
== From: ===>
SELECT * FROM RASS_PHOTONS as r
WHERE 2 * ASIN( SQRT( SIN( (20-r."DEC")/2 ) 
   * SIN((20-r."DEC")/2) + COS(20) * COS(r."DEC") 
   * SIN((20 - r.RA)/2) * SIN((20 - r.RA)/2 ) ) ) <= 10 ;

Compilation suceeded...
==== To: ===>
<v1:Select xmlns:v1="http://www.ivoa.net/xml/ADQL/v1.0">
    <v1:SelectionList>
        <v1:Item xsi:type="v1:allSelectionItemType" xmlns:xsi="http://www.w3.org/2001/XMLSchema-instance"/>
    </v1:SelectionList>
    <v1:From>
        <v1:Table xsi:type="v1:tableType" Name="RASS_PHOTONS" Alias="r" xmlns:xsi="http://www.w3.org/2001/XMLSchema-instance"/>
    </v1:From>
    <v1:Where>
        <v1:Condition xsi:type="v1:comparisonPredType" Comparison="&lt;=" xmlns:xsi="http://www.w3.org/2001/XMLSchema-instance">
            <v1:Arg xsi:type="v1:binaryExprType" Oper="*">
                <v1:Arg xsi:type="v1:atomType">
                    <v1:Literal Value="2" xsi:type="v1:integerType"/>
                </v1:Arg>
                <v1:Arg xsi:type="v1:trigonometricFunctionType" Name="ASIN">
                    <v1:Arg xsi:type="v1:mathFunctionType" Name="SQRT">
                        <v1:Arg xsi:type="v1:binaryExprType" Oper="+">
                            <v1:Arg xsi:type="v1:binaryExprType" Oper="*">
                                <v1:Arg xsi:type="v1:trigonometricFunctionType" Name="SIN">
                                    <v1:Arg xsi:type="v1:binaryExprType" Oper="/">
                                        <v1:Arg xsi:type="v1:closedExprType">
                                            <v1:Arg xsi:type="v1:binaryExprType" Oper="-">
                                                <v1:Arg xsi:type="v1:atomType">
                                                    <v1:Literal Value="20" xsi:type="v1:integerType"/>
                                                </v1:Arg>
                                                <v1:Arg xsi:type="v1:columnReferenceType" Table="r" Name="DEC"/>
                                            </v1:Arg>
                                        </v1:Arg>
                                        <v1:Arg xsi:type="v1:atomType">
                                            <v1:Literal Value="2" xsi:type="v1:integerType"/>
                                        </v1:Arg>
                                    </v1:Arg>
                                </v1:Arg>
                                <v1:Arg xsi:type="v1:trigonometricFunctionType" Name="SIN">
                                    <v1:Arg xsi:type="v1:binaryExprType" Oper="/">
                                        <v1:Arg xsi:type="v1:closedExprType">
                                            <v1:Arg xsi:type="v1:binaryExprType" Oper="-">
                                                <v1:Arg xsi:type="v1:atomType">
                                                    <v1:Literal Value="20" xsi:type="v1:integerType"/>
                                                </v1:Arg>
                                                <v1:Arg xsi:type="v1:columnReferenceType" Table="r" Name="DEC"/>
                                            </v1:Arg>
                                        </v1:Arg>
                                        <v1:Arg xsi:type="v1:atomType">
                                            <v1:Literal Value="2" xsi:type="v1:integerType"/>
                                        </v1:Arg>
                                    </v1:Arg>
                                </v1:Arg>
                            </v1:Arg>
                            <v1:Arg xsi:type="v1:binaryExprType" Oper="*">
                                <v1:Arg xsi:type="v1:trigonometricFunctionType" Name="COS">
                                    <v1:Arg xsi:type="v1:atomType">
                                        <v1:Literal Value="20" xsi:type="v1:integerType"/>
                                    </v1:Arg>
                                </v1:Arg>
                                <v1:Arg xsi:type="v1:binaryExprType" Oper="*">
                                    <v1:Arg xsi:type="v1:trigonometricFunctionType" Name="COS">
                                        <v1:Arg xsi:type="v1:columnReferenceType" Table="r" Name="DEC"/>
                                    </v1:Arg>
                                    <v1:Arg xsi:type="v1:binaryExprType" Oper="*">
                                        <v1:Arg xsi:type="v1:trigonometricFunctionType" Name="SIN">
                                            <v1:Arg xsi:type="v1:binaryExprType" Oper="/">
                                                <v1:Arg xsi:type="v1:closedExprType">
                                                    <v1:Arg xsi:type="v1:binaryExprType" Oper="-">
                                                        <v1:Arg xsi:type="v1:atomType">
                                                            <v1:Literal Value="20" xsi:type="v1:integerType"/>
                                                        </v1:Arg>
                                                        <v1:Arg xsi:type="v1:columnReferenceType" Table="r" Name="RA"/>
                                                    </v1:Arg>
                                                </v1:Arg>
                                                <v1:Arg xsi:type="v1:atomType">
                                                    <v1:Literal Value="2" xsi:type="v1:integerType"/>
                                                </v1:Arg>
                                            </v1:Arg>
                                        </v1:Arg>
                                        <v1:Arg xsi:type="v1:trigonometricFunctionType" Name="SIN">
                                            <v1:Arg xsi:type="v1:binaryExprType" Oper="/">
                                                <v1:Arg xsi:type="v1:closedExprType">
                                                    <v1:Arg xsi:type="v1:binaryExprType" Oper="-">
                                                        <v1:Arg xsi:type="v1:atomType">
                                                            <v1:Literal Value="20" xsi:type="v1:integerType"/>
                                                        </v1:Arg>
                                                        <v1:Arg xsi:type="v1:columnReferenceType" Table="r" Name="RA"/>
                                                    </v1:Arg>
                                                </v1:Arg>
                                                <v1:Arg xsi:type="v1:atomType">
                                                    <v1:Literal Value="2" xsi:type="v1:integerType"/>
                                                </v1:Arg>
                                            </v1:Arg>
                                        </v1:Arg>
                                    </v1:Arg>
                                </v1:Arg>
                            </v1:Arg>
                        </v1:Arg>
                    </v1:Arg>
                </v1:Arg>
            </v1:Arg>
            <v1:Arg xsi:type="v1:atomType">
                <v1:Literal Value="10" xsi:type="v1:integerType"/>
            </v1:Arg>
        </v1:Condition>
    </v1:Where>
</v1:Select>
------------------------------------------------
Compiling notLikeWithBracket.adqls
------------------------------------------------
== From: ===>
SElect * from people p where ( p.name not like '%son' ) ;

Compilation suceeded...
==== To: ===>
<v1:Select xmlns:v1="http://www.ivoa.net/xml/ADQL/v1.0">
    <v1:SelectionList>
        <v1:Item xsi:type="v1:allSelectionItemType" xmlns:xsi="http://www.w3.org/2001/XMLSchema-instance"/>
    </v1:SelectionList>
    <v1:From>
        <v1:Table xsi:type="v1:tableType" Name="people" Alias="p" xmlns:xsi="http://www.w3.org/2001/XMLSchema-instance"/>
    </v1:From>
    <v1:Where>
        <v1:Condition xsi:type="v1:closedSearchType" xmlns:xsi="http://www.w3.org/2001/XMLSchema-instance">
            <v1:Condition xsi:type="v1:notLikePredType">
                <v1:Arg xsi:type="v1:columnReferenceType" Table="p" Name="name"/>
                <v1:Pattern>
                    <v1:Literal xsi:type="v1:stringType" Value="%son"/>
                </v1:Pattern>
            </v1:Condition>
        </v1:Condition>
    </v1:Where>
</v1:Select>
------------------------------------------------
Compiling notLikeWithoutBracket.adqls
------------------------------------------------
== From: ===>
SElect * from people p where p.name not like '%son' ;

Compilation suceeded...
==== To: ===>
<v1:Select xmlns:v1="http://www.ivoa.net/xml/ADQL/v1.0">
    <v1:SelectionList>
        <v1:Item xsi:type="v1:allSelectionItemType" xmlns:xsi="http://www.w3.org/2001/XMLSchema-instance"/>
    </v1:SelectionList>
    <v1:From>
        <v1:Table xsi:type="v1:tableType" Name="people" Alias="p" xmlns:xsi="http://www.w3.org/2001/XMLSchema-instance"/>
    </v1:From>
    <v1:Where>
        <v1:Condition xsi:type="v1:notLikePredType" xmlns:xsi="http://www.w3.org/2001/XMLSchema-instance">
            <v1:Arg xsi:type="v1:columnReferenceType" Table="p" Name="name"/>
            <v1:Pattern>
                <v1:Literal xsi:type="v1:stringType" Value="%son"/>
            </v1:Pattern>
        </v1:Condition>
    </v1:Where>
</v1:Select>
------------------------------------------------
Compiling notInPredicateWithConstantStringList.adqls
------------------------------------------------
== From: ===>
select * from personnel p where p.city_name not in ( 'New York', 'Chicago', 'Atlanta', 'Austin' ) ;

Compilation suceeded...
==== To: ===>
<v1:Select xmlns:v1="http://www.ivoa.net/xml/ADQL/v1.0">
    <v1:SelectionList>
        <v1:Item xsi:type="v1:allSelectionItemType" xmlns:xsi="http://www.w3.org/2001/XMLSchema-instance"/>
    </v1:SelectionList>
    <v1:From>
        <v1:Table xsi:type="v1:tableType" Name="personnel" Alias="p" xmlns:xsi="http://www.w3.org/2001/XMLSchema-instance"/>
    </v1:From>
    <v1:Where>
        <v1:Condition xsi:type="v1:exclusiveSearchType" xmlns:xsi="http://www.w3.org/2001/XMLSchema-instance">
            <v1:Expression xsi:type="v1:columnReferenceType" Table="p" Name="city_name"/>
            <v1:Set xsi:type="v1:ConstantListSet">
                <v1:Item xsi:type="v1:stringType" Value="New York"/>
                <v1:Item xsi:type="v1:stringType" Value="Chicago"/>
                <v1:Item xsi:type="v1:stringType" Value="Atlanta"/>
                <v1:Item xsi:type="v1:stringType" Value="Austin"/>
            </v1:Set>
        </v1:Condition>
    </v1:Where>
</v1:Select>
------------------------------------------------
Compiling notInPredicateWithSubQuery.adqls
------------------------------------------------
== From: ===>
select * from personnel p where p.city_name not in ( select c.city_name from cities as c where c.state = 'NY' ) ;

Compilation suceeded...
==== To: ===>
<v1:Select xmlns:v1="http://www.ivoa.net/xml/ADQL/v1.0">
    <v1:SelectionList>
        <v1:Item xsi:type="v1:allSelectionItemType" xmlns:xsi="http://www.w3.org/2001/XMLSchema-instance"/>
    </v1:SelectionList>
    <v1:From>
        <v1:Table xsi:type="v1:tableType" Name="personnel" Alias="p" xmlns:xsi="http://www.w3.org/2001/XMLSchema-instance"/>
    </v1:From>
    <v1:Where>
        <v1:Condition xsi:type="v1:exclusiveSearchType" xmlns:xsi="http://www.w3.org/2001/XMLSchema-instance">
            <v1:Expression xsi:type="v1:columnReferenceType" Table="p" Name="city_name"/>
            <v1:Set xsi:type="v1:subQuerySet">
                <v1:selection>
                    <v1:SelectionList>
                        <v1:Item xsi:type="v1:columnReferenceType" Table="c" Name="city_name"/>
                    </v1:SelectionList>
                    <v1:From>
                        <v1:Table xsi:type="v1:tableType" Name="cities" Alias="c"/>
                    </v1:From>
                    <v1:Where>
                        <v1:Condition xsi:type="v1:comparisonPredType" Comparison="=">
                            <v1:Arg xsi:type="v1:columnReferenceType" Table="c" Name="state"/>
                            <v1:Arg xsi:type="v1:atomType">
                                <v1:Literal xsi:type="v1:stringType" Value="NY"/>
                            </v1:Arg>
                        </v1:Condition>
                    </v1:Where>
                </v1:selection>
            </v1:Set>
        </v1:Condition>
    </v1:Where>
</v1:Select>
------------------------------------------------
Compiling regularIdentifier.adqls
------------------------------------------------
== From: ===>
select top 100  * from Catalogue_$One2Three as a ;

Compilation suceeded...
==== To: ===>
<v1:Select xmlns:v1="http://www.ivoa.net/xml/ADQL/v1.0">
    <v1:Restrict Top="100"/>
    <v1:SelectionList>
        <v1:Item xsi:type="v1:allSelectionItemType" xmlns:xsi="http://www.w3.org/2001/XMLSchema-instance"/>
    </v1:SelectionList>
    <v1:From>
        <v1:Table xsi:type="v1:tableType" Name="Catalogue_$One2Three" Alias="a" xmlns:xsi="http://www.w3.org/2001/XMLSchema-instance"/>
    </v1:From>
</v1:Select>
------------------------------------------------
Compiling SDSSBasicSelectFromWhere.adqls
------------------------------------------------
== From: ===>
-- Returns 5261 objects in DR2 (5278 in DR1) in a few sec.

-- Find objects in a particular field.
-- A basic SELECT - FROM - WHERE query.

SELECT p.objID,                     -- Get the unique object ID,
    p.field, p.ra, p."dec" 	        -- the field number, and coordinates
FROM PhotoObj as p 	                -- From the photometric data
WHERE p.run=1336 and p.field = 11   -- that matches our criteria
;


Compilation suceeded...
==== To: ===>
<!--+ Returns 5261 objects in DR2 (5278 in DR1) in a few sec.

 Find objects in a particular field.
 A basic SELECT - FROM - WHERE query.
+-->
<v1:Select xmlns:v1="http://www.ivoa.net/xml/ADQL/v1.0">
    <v1:SelectionList>
        <v1:Item xsi:type="v1:columnReferenceType" Table="p" Name="objID" xmlns:xsi="http://www.w3.org/2001/XMLSchema-instance"/>
        <!--+                      Get the unique object ID,
+-->
        <v1:Item xsi:type="v1:columnReferenceType" Table="p" Name="field" xmlns:xsi="http://www.w3.org/2001/XMLSchema-instance"/>
        <v1:Item xsi:type="v1:columnReferenceType" Table="p" Name="ra" xmlns:xsi="http://www.w3.org/2001/XMLSchema-instance"/>
        <v1:Item xsi:type="v1:columnReferenceType" Table="p" Name="dec" xmlns:xsi="http://www.w3.org/2001/XMLSchema-instance"/>
    </v1:SelectionList>
    <!--+ 	         the field number, and coordinates
+-->
    <v1:From>
        <v1:Table xsi:type="v1:tableType" Name="PhotoObj" Alias="p" xmlns:xsi="http://www.w3.org/2001/XMLSchema-instance"/>
    </v1:From>
    <!--+ 	                 From the photometric data
+-->
    <v1:Where>
        <v1:Condition xsi:type="v1:intersectionSearchType" xmlns:xsi="http://www.w3.org/2001/XMLSchema-instance">
            <v1:Condition xsi:type="v1:comparisonPredType" Comparison="=">
                <v1:Arg xsi:type="v1:columnReferenceType" Table="p" Name="run"/>
                <v1:Arg xsi:type="v1:atomType">
[...]
                                        <v1:Arg xsi:type="v1:columnReferenceType" Table="r" Name="DEC"/>
                                    </v1:Arg>
                                    <v1:Arg xsi:type="v1:binaryExprType" Oper="*">
                                        <v1:Arg xsi:type="v1:trigonometricFunctionType" Name="SIN">
                                            <v1:Arg xsi:type="v1:binaryExprType" Oper="/">
                                                <v1:Arg xsi:type="v1:closedExprType">
                                                    <v1:Arg xsi:type="v1:binaryExprType" Oper="-">
                                                        <v1:Arg xsi:type="v1:atomType">
                                                            <v1:Literal Value="20" xsi:type="v1:integerType"/>
                                                        </v1:Arg>
                                                        <v1:Arg xsi:type="v1:columnReferenceType" Table="r" Name="RA"/>
                                                    </v1:Arg>
                                                </v1:Arg>
                                                <v1:Arg xsi:type="v1:atomType">
                                                    <v1:Literal Value="2" xsi:type="v1:integerType"/>
                                                </v1:Arg>
                                            </v1:Arg>
                                        </v1:Arg>
                                        <v1:Arg xsi:type="v1:trigonometricFunctionType" Name="SIN">
                                            <v1:Arg xsi:type="v1:binaryExprType" Oper="/">
                                                <v1:Arg xsi:type="v1:closedExprType">
                                                    <v1:Arg xsi:type="v1:binaryExprType" Oper="-">
                                                        <v1:Arg xsi:type="v1:atomType">
                                                            <v1:Literal Value="20" xsi:type="v1:integerType"/>
                                                        </v1:Arg>
                                                        <v1:Arg xsi:type="v1:columnReferenceType" Table="r" Name="RA"/>
                                                    </v1:Arg>
                                                </v1:Arg>
                                                <v1:Arg xsi:type="v1:atomType">
                                                    <v1:Literal Value="2" xsi:type="v1:integerType"/>
                                                </v1:Arg>
                                            </v1:Arg>
                                        </v1:Arg>
                                    </v1:Arg>
                                </v1:Arg>
                            </v1:Arg>
                        </v1:Arg>
                    </v1:Arg>
                </v1:Arg>
            </v1:Arg>
            <v1:Arg xsi:type="v1:atomType">
                <v1:Literal Value="10" xsi:type="v1:integerType"/>
            </v1:Arg>
        </v1:Condition>
    </v1:Where>
</xml-fragment>
------------------------------------------------
Compiling FragmentOrderBy.adqls
------------------------------------------------
== From: ===>
--Select/OrderBy 
Order By a.col1 asc, a.col2 desc, a.col3

Compilation suceeded...
==== To: ===>
<xml-fragment>
    <v1:Item xmlns:v1="http://www.ivoa.net/xml/ADQL/v1.0">
        <v1:Expression xsi:type="v1:columnReferenceType" Table="a" Name="col1" xmlns:xsi="http://www.w3.org/2001/XMLSchema-instance"/>
        <v1:Order Direction="ASC"/>
    </v1:Item>
    <v1:Item xmlns:v1="http://www.ivoa.net/xml/ADQL/v1.0">
        <v1:Expression xsi:type="v1:columnReferenceType" Table="a" Name="col2" xmlns:xsi="http://www.w3.org/2001/XMLSchema-instance"/>
        <v1:Order Direction="DESC"/>
    </v1:Item>
    <v1:Item xmlns:v1="http://www.ivoa.net/xml/ADQL/v1.0">
        <v1:Expression xsi:type="v1:columnReferenceType" Table="a" Name="col3" xmlns:xsi="http://www.w3.org/2001/XMLSchema-instance"/>
        <v1:Order Direction="ASC"/>
    </v1:Item>
</xml-fragment>
------------------------------------------------
Compiling FragmentOrderByItem.adqls
------------------------------------------------
== From: ===>
--Select/OrderBy/Item 
a.col1 asc

Compilation suceeded...
==== To: ===>
<xml-fragment>
    <v1:Expression xsi:type="v1:columnReferenceType" Table="a" Name="col1" xmlns:v1="http://www.ivoa.net/xml/ADQL/v1.0" xmlns:xsi="http://www.w3.org/2001/XMLSchema-instance"/>
    <v1:Order Direction="ASC" xmlns:v1="http://www.ivoa.net/xml/ADQL/v1.0"/>
</xml-fragment>
------------------------------------------------
Compiling FragmentOrderByItemExpression.adqls
------------------------------------------------
== From: ===>
--Orderby/Item[@type='orderType']/Expression
a.col2
 

Compilation suceeded...
==== To: ===>
<xml-fragment xsi:type="v1:columnReferenceType" Table="a" Name="col2" xmlns:v1="http://www.ivoa.net/xml/ADQL/v1.0" xmlns:xsi="http://www.w3.org/2001/XMLSchema-instance"/>
------------------------------------------------
Compiling FragmentOrderByItemOrder.adqls
------------------------------------------------
== From: ===>
--OrderBy/Item/Order[type="orderOptionType"] 
desc

Compilation suceeded...
==== To: ===>
<xml-fragment Direction="DESC"/>
------------------------------------------------
Compiling FragmentOrderByItemOrder02.adqls
------------------------------------------------
== From: ===>
--OrderBy/Item/Order 
asc

Compilation suceeded...
==== To: ===>
<xml-fragment Direction="ASC"/>
------------------------------------------------
Compiling FragmentSelectAllAllow.adqls
------------------------------------------------
== From: ===>
--SELECT/ALLOW
ALL

Compilation suceeded...
==== To: ===>
<xml-fragment Option="All"/>
------------------------------------------------
Compiling FragmentSelectFromTable.adqls
------------------------------------------------
== From: ===>
--Select/From/Table
"2mass"

Compilation suceeded...
==== To: ===>
<xml-fragment xsi:type="v1:tableType" Name="2mass" xmlns:v1="http://www.ivoa.net/xml/ADQL/v1.0" xmlns:xsi="http://www.w3.org/2001/XMLSchema-instance"/>
------------------------------------------------
Compiling FragmentSelectWhereConditionNotInExpression.adqls
------------------------------------------------
== From: ===>
--Select/Where/Condition[@type='exclusiveSearchType']/Expression
square(a.col2) / 2
 

Compilation suceeded...
==== To: ===>
<xml-fragment xsi:type="v1:binaryExprType" Oper="/" xmlns:v1="http://www.ivoa.net/xml/ADQL/v1.0" xmlns:xsi="http://www.w3.org/2001/XMLSchema-instance">
    <v1:Arg xsi:type="v1:mathFunctionType" Name="SQUARE">
        <v1:Arg xsi:type="v1:columnReferenceType" Table="a" Name="col2"/>
    </v1:Arg>
    <v1:Arg xsi:type="v1:atomType">
        <v1:Literal Value="2" xsi:type="v1:integerType"/>
    </v1:Arg>
</xml-fragment>
------------------------------------------------
Compiling FragmentSelectWhereConditionInExpression.adqls
------------------------------------------------
== From: ===>
--Select/Where/Condition[@type='inclusiveSearchType']/Expression
square(a.col2) + power(a.col3, 3 )
 

Compilation suceeded...
==== To: ===>
<xml-fragment xsi:type="v1:binaryExprType" Oper="+" xmlns:v1="http://www.ivoa.net/xml/ADQL/v1.0" xmlns:xsi="http://www.w3.org/2001/XMLSchema-instance">
    <v1:Arg xsi:type="v1:mathFunctionType" Name="SQUARE">
        <v1:Arg xsi:type="v1:columnReferenceType" Table="a" Name="col2"/>
    </v1:Arg>
    <v1:Arg xsi:type="v1:mathFunctionType" Name="POWER">
        <v1:Arg xsi:type="v1:columnReferenceType" Table="a" Name="col3"/>
        <v1:Arg xsi:type="v1:atomType">
            <v1:Literal Value="3" xsi:type="v1:integerType"/>
        </v1:Arg>
    </v1:Arg>
</xml-fragment>
------------------------------------------------
Compiling FragmentSelectionList01.adqls
------------------------------------------------
== From: ===>
--Select/SelectionList
u.user_id, u.email, count(*), max(c.posted)

Compilation suceeded...
==== To: ===>
<xml-fragment>
    <!--+Select/SelectionList
+-->
    <v1:Item xsi:type="v1:columnReferenceType" Table="u" Name="user_id" xmlns:v1="http://www.ivoa.net/xml/ADQL/v1.0" xmlns:xsi="http://www.w3.org/2001/XMLSchema-instance"/>
    <v1:Item xsi:type="v1:columnReferenceType" Table="u" Name="email" xmlns:v1="http://www.ivoa.net/xml/ADQL/v1.0" xmlns:xsi="http://www.w3.org/2001/XMLSchema-instance"/>
    <v1:Item xsi:type="v1:aggregateFunctionType" Name="COUNT" xmlns:v1="http://www.ivoa.net/xml/ADQL/v1.0" xmlns:xsi="http://www.w3.org/2001/XMLSchema-instance">
        <v1:Arg xsi:type="v1:allSelectionItemType"/>
    </v1:Item>
    <v1:Item xsi:type="v1:aggregateFunctionType" Name="MAX" xmlns:v1="http://www.ivoa.net/xml/ADQL/v1.0" xmlns:xsi="http://www.w3.org/2001/XMLSchema-instance">
        <v1:Arg xsi:type="v1:columnReferenceType" Table="c" Name="posted"/>
    </v1:Item>
</xml-fragment>
------------------------------------------------
Compiling FragmentSelectionListAllItems.adqls
------------------------------------------------
== From: ===>
--Select/SelectionList
* 
 

Compilation suceeded...
==== To: ===>
<!--+Select/SelectionList
+-->
<v1:Item xsi:type="v1:allSelectionItemType" xmlns:v1="http://www.ivoa.net/xml/ADQL/v1.0" xmlns:xsi="http://www.w3.org/2001/XMLSchema-instance"/>
------------------------------------------------
Compiling FragmentSelectionListCeilingFunction.adqls
------------------------------------------------
== From: ===>
--SelectionList/Item
ceiling(a.col_1)

Compilation suceeded...
==== To: ===>
<xml-fragment xsi:type="v1:mathFunctionType" Name="CEILING" xmlns:v1="http://www.ivoa.net/xml/ADQL/v1.0" xmlns:xsi="http://www.w3.org/2001/XMLSchema-instance">
    <v1:Arg xsi:type="v1:columnReferenceType" Table="a" Name="col_1"/>
</xml-fragment>
------------------------------------------------
Compiling FragmentSelectionListItemExpression.adqls
------------------------------------------------
== From: ===>
--Select/SelectionList/Item[@type='aliasSelectionItemType']/Expression
square(a.col2)
 

Compilation suceeded...
==== To: ===>
<xml-fragment xsi:type="v1:mathFunctionType" Name="SQUARE" xmlns:v1="http://www.ivoa.net/xml/ADQL/v1.0" xmlns:xsi="http://www.w3.org/2001/XMLSchema-instance">
    <v1:Arg xsi:type="v1:columnReferenceType" Table="a" Name="col2"/>
</xml-fragment>
------------------------------------------------
Compiling FragmentSetItem.adqls
------------------------------------------------
== From: ===>
--Set/Item 
123.456

Compilation suceeded...
==== To: ===>
<xml-fragment Value="123.456" xsi:type="v1:realType" xmlns:v1="http://www.ivoa.net/xml/ADQL/v1.0" xmlns:xsi="http://www.w3.org/2001/XMLSchema-instance"/>
------------------------------------------------
Compiling FragmentSubsetSpectralLines.adqls
------------------------------------------------
== From: ===>
--Set[@type="subQuerySet"]/selection
Select * From unified_lines as a Where 
(
  (
    a.frequency<=110 
    And
    a.frequency>=100
  ) 
  Or
  ( 
    a.frequency<=220 
    And 
    a.frequency>=210
  ) 
)
And
(
  a.lower_state_energy>=1000
)

Compilation suceeded...
==== To: ===>
<xml-fragment>
    <v1:SelectionList xmlns:v1="http://www.ivoa.net/xml/ADQL/v1.0">
        <v1:Item xsi:type="v1:allSelectionItemType" xmlns:xsi="http://www.w3.org/2001/XMLSchema-instance"/>
    </v1:SelectionList>
    <v1:From xmlns:v1="http://www.ivoa.net/xml/ADQL/v1.0">
        <v1:Table xsi:type="v1:tableType" Name="unified_lines" Alias="a" xmlns:xsi="http://www.w3.org/2001/XMLSchema-instance"/>
    </v1:From>
    <v1:Where xmlns:v1="http://www.ivoa.net/xml/ADQL/v1.0">
        <v1:Condition xsi:type="v1:intersectionSearchType" xmlns:xsi="http://www.w3.org/2001/XMLSchema-instance">
            <v1:Condition xsi:type="v1:closedSearchType">
                <v1:Condition xsi:type="v1:unionSearchType">
                    <v1:Condition xsi:type="v1:closedSearchType">
                        <v1:Condition xsi:type="v1:intersectionSearchType">
                            <v1:Condition xsi:type="v1:comparisonPredType" Comparison="&lt;=">
                                <v1:Arg xsi:type="v1:columnReferenceType" Table="a" Name="frequency"/>
                                <v1:Arg xsi:type="v1:atomType">
                                    <v1:Literal Value="110" xsi:type="v1:integerType"/>
                                </v1:Arg>
                            </v1:Condition>
                            <v1:Condition xsi:type="v1:comparisonPredType" Comparison=">=">
                                <v1:Arg xsi:type="v1:columnReferenceType" Table="a" Name="frequency"/>
                                <v1:Arg xsi:type="v1:atomType">
                                    <v1:Literal Value="100" xsi:type="v1:integerType"/>
                                </v1:Arg>
                            </v1:Condition>
                        </v1:Condition>
                    </v1:Condition>
                    <v1:Condition xsi:type="v1:closedSearchType">
                        <v1:Condition xsi:type="v1:intersectionSearchType">
                            <v1:Condition xsi:type="v1:comparisonPredType" Comparison="&lt;=">
                                <v1:Arg xsi:type="v1:columnReferenceType" Table="a" Name="frequency"/>
                                <v1:Arg xsi:type="v1:atomType">
                                    <v1:Literal Value="220" xsi:type="v1:integerType"/>
                                </v1:Arg>
                            </v1:Condition>
                            <v1:Condition xsi:type="v1:comparisonPredType" Comparison=">=">
                                <v1:Arg xsi:type="v1:columnReferenceType" Table="a" Name="frequency"/>
                                <v1:Arg xsi:type="v1:atomType">
                                    <v1:Literal Value="210" xsi:type="v1:integerType"/>
                                </v1:Arg>
                            </v1:Condition>
                        </v1:Condition>
                    </v1:Condition>
                </v1:Condition>
            </v1:Condition>
            <v1:Condition xsi:type="v1:closedSearchType">
                <v1:Condition xsi:type="v1:comparisonPredType" Comparison=">=">
                    <v1:Arg xsi:type="v1:columnReferenceType" Table="a" Name="lower_state_energy"/>
                    <v1:Arg xsi:type="v1:atomType">
                        <v1:Literal Value="1000" xsi:type="v1:integerType"/>
                    </v1:Arg>
                </v1:Condition>
            </v1:Condition>
        </v1:Condition>
    </v1:Where>
</xml-fragment>
------------------------------------------------
Compiling FragmentTableCondition.adqls
------------------------------------------------
== From: ===>
--Table/Condition
a.col1 + a.col2 >= 3.2875

Compilation suceeded...
==== To: ===>
<xml-fragment Comparison=">=">
    <v1:Arg xsi:type="v1:binaryExprType" Oper="+" xmlns:v1="http://www.ivoa.net/xml/ADQL/v1.0" xmlns:xsi="http://www.w3.org/2001/XMLSchema-instance">
        <v1:Arg xsi:type="v1:columnReferenceType" Table="a" Name="col1"/>
        <v1:Arg xsi:type="v1:columnReferenceType" Table="a" Name="col2"/>
    </v1:Arg>
    <v1:Arg xsi:type="v1:atomType" xmlns:v1="http://www.ivoa.net/xml/ADQL/v1.0" xmlns:xsi="http://www.w3.org/2001/XMLSchema-instance">
        <v1:Literal Value="3.2875" xsi:type="v1:realType"/>
    </v1:Arg>
</xml-fragment>
------------------------------------------------
Compiling FragmentTablesArrayOfFromTableType.adqls
------------------------------------------------
== From: ===>
--Tables[type="ArrayOfFromTableType"]
cata as a, catb as b ; 

Compilation suceeded...
==== To: ===>
<xml-fragment>
    <v1:fromTableType xsi:type="v1:tableType" Name="cata" Alias="a" xmlns:v1="http://www.ivoa.net/xml/ADQL/v1.0" xmlns:xsi="http://www.w3.org/2001/XMLSchema-instance"/>
    <v1:fromTableType xsi:type="v1:tableType" Name="catb" Alias="b" xmlns:v1="http://www.ivoa.net/xml/ADQL/v1.0" xmlns:xsi="http://www.w3.org/2001/XMLSchema-instance"/>
</xml-fragment>
------------------------------------------------
Compiling FragmentTableTableType.adqls
------------------------------------------------
== From: ===>
--Table[type="tableType"]
cata as a 

Compilation suceeded...
==== To: ===>
<xml-fragment xsi:type="v1:tableType" Name="cata" Alias="a" xmlns:v1="http://www.ivoa.net/xml/ADQL/v1.0" xmlns:xsi="http://www.w3.org/2001/XMLSchema-instance"/>
------------------------------------------------
Compiling FragmentTop.adqls
------------------------------------------------
== From: ===>
--Select/Restrict 
top 1234567

Compilation suceeded...
==== To: ===>
<xml-fragment Top="1234567"/>
------------------------------------------------
Compiling FragmentWhereCondition.adqls
------------------------------------------------
== From: ===>
--Where/Condition
a.col1 + a.col2 >= 3.2875 and a.col3 between a.col4 and a.col5

Compilation suceeded...
==== To: ===>
<xml-fragment xsi:type="v1:intersectionSearchType" xmlns:v1="http://www.ivoa.net/xml/ADQL/v1.0" xmlns:xsi="http://www.w3.org/2001/XMLSchema-instance">
    <v1:Condition xsi:type="v1:comparisonPredType" Comparison=">=">
        <v1:Arg xsi:type="v1:binaryExprType" Oper="+">
            <v1:Arg xsi:type="v1:columnReferenceType" Table="a" Name="col1"/>
            <v1:Arg xsi:type="v1:columnReferenceType" Table="a" Name="col2"/>
        </v1:Arg>
        <v1:Arg xsi:type="v1:atomType">
            <v1:Literal Value="3.2875" xsi:type="v1:realType"/>
        </v1:Arg>
    </v1:Condition>
    <v1:Condition xsi:type="v1:betweenPredType">
        <v1:Arg xsi:type="v1:columnReferenceType" Table="a" Name="col3"/>
        <v1:Arg xsi:type="v1:columnReferenceType" Table="a" Name="col4"/>
        <v1:Arg xsi:type="v1:columnReferenceType" Table="a" Name="col5"/>
    </v1:Condition>
</xml-fragment>
------------------------------------------------
Compiling FragmentWithHeadAndTrailComments.adqls
------------------------------------------------
== From: ===>
--Select
-- Header Comment 1
-- Header Comment 2
-- Header Comment 3
Select * from cata as a where a.id between 10000 and 20000
-- Trailer Comment 1
-- Trailer Comment 2
-- Trailer Comment 3
<!--+Select
 Header Comment 1
 Header Comment 2
 Header Comment 3
+-->
<v1:Select xmlns:v1="http://www.ivoa.net/xml/ADQL/v1.0">
    <v1:SelectionList>
        <v1:Item xsi:type="v1:allSelectionItemType" xmlns:xsi="http://www.w3.org/2001/XMLSchema-instance"/>
    </v1:SelectionList>
    <v1:From>
        <v1:Table xsi:type="v1:tableType" Name="cata" Alias="a" xmlns:xsi="http://www.w3.org/2001/XMLSchema-instance"/>
    </v1:From>
    <v1:Where>
        <v1:Condition xsi:type="v1:betweenPredType" xmlns:xsi="http://www.w3.org/2001/XMLSchema-instance">
            <v1:Arg xsi:type="v1:columnReferenceType" Table="a" Name="id"/>
            <v1:Arg xsi:type="v1:atomType">
                <v1:Literal Value="10000" xsi:type="v1:integerType"/>
            </v1:Arg>
            <v1:Arg xsi:type="v1:atomType">
                <v1:Literal Value="20000" xsi:type="v1:integerType"/>
            </v1:Arg>
        </v1:Condition>
    </v1:Where>
</v1:Select>
<!--+
 Trailer Comment 1
 Trailer Comment 2
 Trailer Comment 3+-->
testMemoryUsageWithReinit() underway: 10000 compilations.
1000 finished
2000 finished
3000 finished
4000 finished
5000 finished
6000 finished
7000 finished
8000 finished
9000 finished
testMemoryUsageWithReinit() compilations finished.
good count: 5000
bad count: 5000
testMemoryUsageWithoutReinit() underway: 10000 compilations.
1000 finished
2000 finished
3000 finished
4000 finished
5000 finished
6000 finished
7000 finished
8000 finished
9000 finished
testMemoryUsageWithoutReinit() compilations finished.
good count: 5000
bad count: 5000
]]></system-out>
  <system-err><![CDATA[log4j:WARN No appenders could be found for logger (org.astrogrid.adql.Tracker).
log4j:WARN Please initialize the log4j system properly.
]]></system-err>
</testsuite>
